This is pdfTeX, Version 3.14159265-2.6-1.40.16 (TeX Live 2015/Arch Linux) (preloaded format=pdflatex 2015.11.25)  6 AUG 2016 00:15
entering extended mode
 restricted \write18 enabled.
 %&-line parsing enabled.
**report.tex
(./report.tex
LaTeX2e <2015/10/01> patch level 2
Babel <3.9m> and hyphenation patterns for 79 languages loaded.
(/usr/share/texmf-dist/tex/latex/base/article.cls
Document Class: article 2014/09/29 v1.4h Standard LaTeX document class
(/usr/share/texmf-dist/tex/latex/base/size10.clo
File: size10.clo 2014/09/29 v1.4h Standard LaTeX file (size option)
)
\c@part=\count79
\c@section=\count80
\c@subsection=\count81
\c@subsubsection=\count82
\c@paragraph=\count83
\c@subparagraph=\count84
\c@figure=\count85
\c@table=\count86
\abovecaptionskip=\skip41
\belowcaptionskip=\skip42
\bibindent=\dimen102
)
(/usr/share/texmf-dist/tex/latex/base/makeidx.sty
Package: makeidx 2014/09/29 v1.0m Standard LaTeX package
)
(/usr/share/texmf-dist/tex/latex/amsmath/amsmath.sty
Package: amsmath 2013/01/14 v2.14 AMS math features
\@mathmargin=\skip43

For additional information on amsmath, use the `?' option.
(/usr/share/texmf-dist/tex/latex/amsmath/amstext.sty
Package: amstext 2000/06/29 v2.01

(/usr/share/texmf-dist/tex/latex/amsmath/amsgen.sty
File: amsgen.sty 1999/11/30 v2.0
\@emptytoks=\toks14
\ex@=\dimen103
))
(/usr/share/texmf-dist/tex/latex/amsmath/amsbsy.sty
Package: amsbsy 1999/11/29 v1.2d
\pmbraise@=\dimen104
)
(/usr/share/texmf-dist/tex/latex/amsmath/amsopn.sty
Package: amsopn 1999/12/14 v2.01 operator names
)
\inf@bad=\count87
LaTeX Info: Redefining \frac on input line 210.
\uproot@=\count88
\leftroot@=\count89
LaTeX Info: Redefining \overline on input line 306.
\classnum@=\count90
\DOTSCASE@=\count91
LaTeX Info: Redefining \ldots on input line 378.
LaTeX Info: Redefining \dots on input line 381.
LaTeX Info: Redefining \cdots on input line 466.
\Mathstrutbox@=\box26
\strutbox@=\box27
\big@size=\dimen105
LaTeX Font Info:    Redeclaring font encoding OML on input line 566.
LaTeX Font Info:    Redeclaring font encoding OMS on input line 567.
\macc@depth=\count92
\c@MaxMatrixCols=\count93
\dotsspace@=\muskip10
\c@parentequation=\count94
\dspbrk@lvl=\count95
\tag@help=\toks15
\row@=\count96
\column@=\count97
\maxfields@=\count98
\andhelp@=\toks16
\eqnshift@=\dimen106
\alignsep@=\dimen107
\tagshift@=\dimen108
\tagwidth@=\dimen109
\totwidth@=\dimen110
\lineht@=\dimen111
\@envbody=\toks17
\multlinegap=\skip44
\multlinetaggap=\skip45
\mathdisplay@stack=\toks18
LaTeX Info: Redefining \[ on input line 2665.
LaTeX Info: Redefining \] on input line 2666.
)
(/usr/share/texmf-dist/tex/latex/graphics/graphicx.sty
Package: graphicx 2014/10/28 v1.0g Enhanced LaTeX Graphics (DPC,SPQR)

(/usr/share/texmf-dist/tex/latex/graphics/keyval.sty
Package: keyval 2014/10/28 v1.15 key=value parser (DPC)
\KV@toks@=\toks19
)
(/usr/share/texmf-dist/tex/latex/graphics/graphics.sty
Package: graphics 2014/10/28 v1.0p Standard LaTeX Graphics (DPC,SPQR)

(/usr/share/texmf-dist/tex/latex/graphics/trig.sty
Package: trig 1999/03/16 v1.09 sin cos tan (DPC)
)
(/usr/share/texmf-dist/tex/latex/latexconfig/graphics.cfg
File: graphics.cfg 2010/04/23 v1.9 graphics configuration of TeX Live
)
Package graphics Info: Driver file: pdftex.def on input line 94.

(/usr/share/texmf-dist/tex/latex/pdftex-def/pdftex.def
File: pdftex.def 2011/05/27 v0.06d Graphics/color for pdfTeX

(/usr/share/texmf-dist/tex/generic/oberdiek/infwarerr.sty
Package: infwarerr 2010/04/08 v1.3 Providing info/warning/error messages (HO)
)
(/usr/share/texmf-dist/tex/generic/oberdiek/ltxcmds.sty
Package: ltxcmds 2011/11/09 v1.22 LaTeX kernel commands for general use (HO)
)
\Gread@gobject=\count99
))
\Gin@req@height=\dimen112
\Gin@req@width=\dimen113
)
(/usr/share/texmf-dist/tex/latex/hyperref/hyperref.sty
Package: hyperref 2012/11/06 v6.83m Hypertext links for LaTeX

(/usr/share/texmf-dist/tex/generic/oberdiek/hobsub-hyperref.sty
Package: hobsub-hyperref 2012/05/28 v1.13 Bundle oberdiek, subset hyperref (HO)


(/usr/share/texmf-dist/tex/generic/oberdiek/hobsub-generic.sty
Package: hobsub-generic 2012/05/28 v1.13 Bundle oberdiek, subset generic (HO)
Package: hobsub 2012/05/28 v1.13 Construct package bundles (HO)
Package hobsub Info: Skipping package `infwarerr' (already loaded).
Package hobsub Info: Skipping package `ltxcmds' (already loaded).
Package: ifluatex 2010/03/01 v1.3 Provides the ifluatex switch (HO)
Package ifluatex Info: LuaTeX not detected.
Package: ifvtex 2010/03/01 v1.5 Detect VTeX and its facilities (HO)
Package ifvtex Info: VTeX not detected.
Package: intcalc 2007/09/27 v1.1 Expandable calculations with integers (HO)
Package: ifpdf 2011/01/30 v2.3 Provides the ifpdf switch (HO)
Package ifpdf Info: pdfTeX in PDF mode is detected.
Package: etexcmds 2011/02/16 v1.5 Avoid name clashes with e-TeX commands (HO)
Package etexcmds Info: Could not find \expanded.
(etexcmds)             That can mean that you are not using pdfTeX 1.50 or
(etexcmds)             that some package has redefined \expanded.
(etexcmds)             In the latter case, load this package earlier.
Package: kvsetkeys 2012/04/25 v1.16 Key value parser (HO)
Package: kvdefinekeys 2011/04/07 v1.3 Define keys (HO)
Package: pdftexcmds 2011/11/29 v0.20 Utility functions of pdfTeX for LuaTeX (HO
)
Package pdftexcmds Info: LuaTeX not detected.
Package pdftexcmds Info: \pdf@primitive is available.
Package pdftexcmds Info: \pdf@ifprimitive is available.
Package pdftexcmds Info: \pdfdraftmode found.
Package: pdfescape 2011/11/25 v1.13 Implements pdfTeX's escape features (HO)
Package: bigintcalc 2012/04/08 v1.3 Expandable calculations on big integers (HO
)
Package: bitset 2011/01/30 v1.1 Handle bit-vector datatype (HO)
Package: uniquecounter 2011/01/30 v1.2 Provide unlimited unique counter (HO)
)
Package hobsub Info: Skipping package `hobsub' (already loaded).
Package: letltxmacro 2010/09/02 v1.4 Let assignment for LaTeX macros (HO)
Package: hopatch 2012/05/28 v1.2 Wrapper for package hooks (HO)
Package: xcolor-patch 2011/01/30 xcolor patch
Package: atveryend 2011/06/30 v1.8 Hooks at the very end of document (HO)
Package atveryend Info: \enddocument detected (standard20110627).
Package: atbegshi 2011/10/05 v1.16 At begin shipout hook (HO)
Package: refcount 2011/10/16 v3.4 Data extraction from label references (HO)
Package: hycolor 2011/01/30 v1.7 Color options for hyperref/bookmark (HO)
)
(/usr/share/texmf-dist/tex/generic/ifxetex/ifxetex.sty
Package: ifxetex 2010/09/12 v0.6 Provides ifxetex conditional
)
(/usr/share/texmf-dist/tex/latex/oberdiek/auxhook.sty
Package: auxhook 2011/03/04 v1.3 Hooks for auxiliary files (HO)
)
(/usr/share/texmf-dist/tex/latex/oberdiek/kvoptions.sty
Package: kvoptions 2011/06/30 v3.11 Key value format for package options (HO)
)
\@linkdim=\dimen114
\Hy@linkcounter=\count100
\Hy@pagecounter=\count101

(/usr/share/texmf-dist/tex/latex/hyperref/pd1enc.def
File: pd1enc.def 2012/11/06 v6.83m Hyperref: PDFDocEncoding definition (HO)
)
\Hy@SavedSpaceFactor=\count102

(/usr/share/texmf-dist/tex/latex/latexconfig/hyperref.cfg
File: hyperref.cfg 2002/06/06 v1.2 hyperref configuration of TeXLive
)
Package hyperref Info: Hyper figures OFF on input line 4443.
Package hyperref Info: Link nesting OFF on input line 4448.
Package hyperref Info: Hyper index ON on input line 4451.
Package hyperref Info: Plain pages OFF on input line 4458.
Package hyperref Info: Backreferencing OFF on input line 4463.
Package hyperref Info: Implicit mode ON; LaTeX internals redefined.
Package hyperref Info: Bookmarks ON on input line 4688.
\c@Hy@tempcnt=\count103

(/usr/share/texmf-dist/tex/latex/url/url.sty
\Urlmuskip=\muskip11
Package: url 2013/09/16  ver 3.4  Verb mode for urls, etc.
)
LaTeX Info: Redefining \url on input line 5041.
\XeTeXLinkMargin=\dimen115
\Fld@menulength=\count104
\Field@Width=\dimen116
\Fld@charsize=\dimen117
Package hyperref Info: Hyper figures OFF on input line 6295.
Package hyperref Info: Link nesting OFF on input line 6300.
Package hyperref Info: Hyper index ON on input line 6303.
Package hyperref Info: backreferencing OFF on input line 6310.
Package hyperref Info: Link coloring OFF on input line 6315.
Package hyperref Info: Link coloring with OCG OFF on input line 6320.
Package hyperref Info: PDF/A mode OFF on input line 6325.
LaTeX Info: Redefining \ref on input line 6365.
LaTeX Info: Redefining \pageref on input line 6369.
\Hy@abspage=\count105
\c@Item=\count106
\c@Hfootnote=\count107
)

Package hyperref Message: Driver (autodetected): hpdftex.

(/usr/share/texmf-dist/tex/latex/hyperref/hpdftex.def
File: hpdftex.def 2012/11/06 v6.83m Hyperref driver for pdfTeX
\Fld@listcount=\count108
\c@bookmark@seq@number=\count109

(/usr/share/texmf-dist/tex/latex/oberdiek/rerunfilecheck.sty
Package: rerunfilecheck 2011/04/15 v1.7 Rerun checks for auxiliary files (HO)
Package uniquecounter Info: New unique counter `rerunfilecheck' on input line 2
82.
)
\Hy@SectionHShift=\skip46
)
(/usr/share/texmf-dist/tex/latex/graphics/color.sty
Package: color 2014/10/28 v1.1a Standard LaTeX Color (DPC)

(/usr/share/texmf-dist/tex/latex/latexconfig/color.cfg
File: color.cfg 2007/01/18 v1.5 color configuration of teTeX/TeXLive
)
Package color Info: Driver file: pdftex.def on input line 142.
)
(/usr/share/texmf-dist/tex/latex/oberdiek/transparent.sty
Package: transparent 2007/01/08 v1.0 Transparency via pdfTeX's color stack (HO)

)
(/usr/share/texmf-dist/tex/latex/pbox/pbox.sty
Package: pbox 2011/12/07 v1.2 Dynamic parboxes

(/usr/share/texmf-dist/tex/latex/tools/calc.sty
Package: calc 2014/10/28 v4.3 Infix arithmetic (KKT,FJ)
\calc@Acount=\count110
\calc@Bcount=\count111
\calc@Adimen=\dimen118
\calc@Bdimen=\dimen119
\calc@Askip=\skip47
\calc@Bskip=\skip48
LaTeX Info: Redefining \setlength on input line 80.
LaTeX Info: Redefining \addtolength on input line 81.
\calc@Ccount=\count112
\calc@Cskip=\skip49
)
(/usr/share/texmf-dist/tex/latex/base/ifthen.sty
Package: ifthen 2014/09/29 v1.1c Standard LaTeX ifthen package (DPC)
)
\pb@xlen=\skip50
)
(/usr/share/texmf-dist/tex/latex/float/float.sty
Package: float 2001/11/08 v1.3d Float enhancements (AL)
\c@float@type=\count113
\float@exts=\toks20
\float@box=\box28
\@float@everytoks=\toks21
\@floatcapt=\box29
)
(/usr/share/texmf-dist/tex/latex/listings/listings.sty
\lst@mode=\count114
\lst@gtempboxa=\box30
\lst@token=\toks22
\lst@length=\count115
\lst@currlwidth=\dimen120
\lst@column=\count116
\lst@pos=\count117
\lst@lostspace=\dimen121
\lst@width=\dimen122
\lst@newlines=\count118
\lst@lineno=\count119
\lst@maxwidth=\dimen123

(/usr/share/texmf-dist/tex/latex/listings/lstmisc.sty
File: lstmisc.sty 2015/06/04 1.6 (Carsten Heinz)
\c@lstnumber=\count120
\lst@skipnumbers=\count121
\lst@framebox=\box31
)
(/usr/share/texmf-dist/tex/latex/listings/listings.cfg
File: listings.cfg 2015/06/04 1.6 listings configuration
))
Package: listings 2015/06/04 1.6 (Carsten Heinz)

(/usr/share/texmf-dist/tex/latex/caption/caption.sty
Package: caption 2015/09/17 v3.3-111 Customizing captions (AR)

(/usr/share/texmf-dist/tex/latex/caption/caption3.sty
Package: caption3 2015/09/20 v1.7-115 caption3 kernel (AR)
Package caption3 Info: TeX engine: e-TeX on input line 57.
\captionmargin=\dimen124
\captionmargin@=\dimen125
\captionwidth=\dimen126
\caption@tempdima=\dimen127
\caption@indent=\dimen128
\caption@parindent=\dimen129
\caption@hangindent=\dimen130
)
\c@ContinuedFloat=\count122
Package caption Info: float package is loaded.
Package caption Info: hyperref package is loaded.
Package caption Info: listings package is loaded.
)
(/usr/share/texmf-dist/tex/latex/caption/subcaption.sty
Package: subcaption 2015/09/15 v1.1-100 Sub-captions (AR)
\c@subfigure=\count123
\c@subtable=\count124
)
(/usr/share/texmf-dist/tex/latex/base/inputenc.sty
Package: inputenc 2015/03/17 v1.2c Input encoding file
\inpenc@prehook=\toks23
\inpenc@posthook=\toks24

(/usr/share/texmf-dist/tex/latex/base/utf8.def
File: utf8.def 2015/09/07 v1.1p UTF-8 support for inputenc
Now handling font encoding OML ...
... no UTF-8 mapping file for font encoding OML
Now handling font encoding T1 ...
... processing UTF-8 mapping file for font encoding T1

(/usr/share/texmf-dist/tex/latex/base/t1enc.dfu
File: t1enc.dfu 2015/09/07 v1.1p UTF-8 support for inputenc
   defining Unicode char U+00A0 (decimal 160)
   defining Unicode char U+00A1 (decimal 161)
   defining Unicode char U+00A3 (decimal 163)
   defining Unicode char U+00AB (decimal 171)
   defining Unicode char U+00AD (decimal 173)
   defining Unicode char U+00BB (decimal 187)
   defining Unicode char U+00BF (decimal 191)
   defining Unicode char U+00C0 (decimal 192)
   defining Unicode char U+00C1 (decimal 193)
   defining Unicode char U+00C2 (decimal 194)
   defining Unicode char U+00C3 (decimal 195)
   defining Unicode char U+00C4 (decimal 196)
   defining Unicode char U+00C5 (decimal 197)
   defining Unicode char U+00C6 (decimal 198)
   defining Unicode char U+00C7 (decimal 199)
   defining Unicode char U+00C8 (decimal 200)
   defining Unicode char U+00C9 (decimal 201)
   defining Unicode char U+00CA (decimal 202)
   defining Unicode char U+00CB (decimal 203)
   defining Unicode char U+00CC (decimal 204)
   defining Unicode char U+00CD (decimal 205)
   defining Unicode char U+00CE (decimal 206)
   defining Unicode char U+00CF (decimal 207)
   defining Unicode char U+00D0 (decimal 208)
   defining Unicode char U+00D1 (decimal 209)
   defining Unicode char U+00D2 (decimal 210)
   defining Unicode char U+00D3 (decimal 211)
   defining Unicode char U+00D4 (decimal 212)
   defining Unicode char U+00D5 (decimal 213)
   defining Unicode char U+00D6 (decimal 214)
   defining Unicode char U+00D8 (decimal 216)
   defining Unicode char U+00D9 (decimal 217)
   defining Unicode char U+00DA (decimal 218)
   defining Unicode char U+00DB (decimal 219)
   defining Unicode char U+00DC (decimal 220)
   defining Unicode char U+00DD (decimal 221)
   defining Unicode char U+00DE (decimal 222)
   defining Unicode char U+00DF (decimal 223)
   defining Unicode char U+00E0 (decimal 224)
   defining Unicode char U+00E1 (decimal 225)
   defining Unicode char U+00E2 (decimal 226)
   defining Unicode char U+00E3 (decimal 227)
   defining Unicode char U+00E4 (decimal 228)
   defining Unicode char U+00E5 (decimal 229)
   defining Unicode char U+00E6 (decimal 230)
   defining Unicode char U+00E7 (decimal 231)
   defining Unicode char U+00E8 (decimal 232)
   defining Unicode char U+00E9 (decimal 233)
   defining Unicode char U+00EA (decimal 234)
   defining Unicode char U+00EB (decimal 235)
   defining Unicode char U+00EC (decimal 236)
   defining Unicode char U+00ED (decimal 237)
   defining Unicode char U+00EE (decimal 238)
   defining Unicode char U+00EF (decimal 239)
   defining Unicode char U+00F0 (decimal 240)
   defining Unicode char U+00F1 (decimal 241)
   defining Unicode char U+00F2 (decimal 242)
   defining Unicode char U+00F3 (decimal 243)
   defining Unicode char U+00F4 (decimal 244)
   defining Unicode char U+00F5 (decimal 245)
   defining Unicode char U+00F6 (decimal 246)
   defining Unicode char U+00F8 (decimal 248)
   defining Unicode char U+00F9 (decimal 249)
   defining Unicode char U+00FA (decimal 250)
   defining Unicode char U+00FB (decimal 251)
   defining Unicode char U+00FC (decimal 252)
   defining Unicode char U+00FD (decimal 253)
   defining Unicode char U+00FE (decimal 254)
   defining Unicode char U+00FF (decimal 255)
   defining Unicode char U+0102 (decimal 258)
   defining Unicode char U+0103 (decimal 259)
   defining Unicode char U+0104 (decimal 260)
   defining Unicode char U+0105 (decimal 261)
   defining Unicode char U+0106 (decimal 262)
   defining Unicode char U+0107 (decimal 263)
   defining Unicode char U+010C (decimal 268)
   defining Unicode char U+010D (decimal 269)
   defining Unicode char U+010E (decimal 270)
   defining Unicode char U+010F (decimal 271)
   defining Unicode char U+0110 (decimal 272)
   defining Unicode char U+0111 (decimal 273)
   defining Unicode char U+0118 (decimal 280)
   defining Unicode char U+0119 (decimal 281)
   defining Unicode char U+011A (decimal 282)
   defining Unicode char U+011B (decimal 283)
   defining Unicode char U+011E (decimal 286)
   defining Unicode char U+011F (decimal 287)
   defining Unicode char U+0130 (decimal 304)
   defining Unicode char U+0131 (decimal 305)
   defining Unicode char U+0132 (decimal 306)
   defining Unicode char U+0133 (decimal 307)
   defining Unicode char U+0139 (decimal 313)
   defining Unicode char U+013A (decimal 314)
   defining Unicode char U+013D (decimal 317)
   defining Unicode char U+013E (decimal 318)
   defining Unicode char U+0141 (decimal 321)
   defining Unicode char U+0142 (decimal 322)
   defining Unicode char U+0143 (decimal 323)
   defining Unicode char U+0144 (decimal 324)
   defining Unicode char U+0147 (decimal 327)
   defining Unicode char U+0148 (decimal 328)
   defining Unicode char U+014A (decimal 330)
   defining Unicode char U+014B (decimal 331)
   defining Unicode char U+0150 (decimal 336)
   defining Unicode char U+0151 (decimal 337)
   defining Unicode char U+0152 (decimal 338)
   defining Unicode char U+0153 (decimal 339)
   defining Unicode char U+0154 (decimal 340)
   defining Unicode char U+0155 (decimal 341)
   defining Unicode char U+0158 (decimal 344)
   defining Unicode char U+0159 (decimal 345)
   defining Unicode char U+015A (decimal 346)
   defining Unicode char U+015B (decimal 347)
   defining Unicode char U+015E (decimal 350)
   defining Unicode char U+015F (decimal 351)
   defining Unicode char U+0160 (decimal 352)
   defining Unicode char U+0161 (decimal 353)
   defining Unicode char U+0162 (decimal 354)
   defining Unicode char U+0163 (decimal 355)
   defining Unicode char U+0164 (decimal 356)
   defining Unicode char U+0165 (decimal 357)
   defining Unicode char U+016E (decimal 366)
   defining Unicode char U+016F (decimal 367)
   defining Unicode char U+0170 (decimal 368)
   defining Unicode char U+0171 (decimal 369)
   defining Unicode char U+0174 (decimal 372)
   defining Unicode char U+0175 (decimal 373)
   defining Unicode char U+0176 (decimal 374)
   defining Unicode char U+0177 (decimal 375)
   defining Unicode char U+0178 (decimal 376)
   defining Unicode char U+0179 (decimal 377)
   defining Unicode char U+017A (decimal 378)
   defining Unicode char U+017B (decimal 379)
   defining Unicode char U+017C (decimal 380)
   defining Unicode char U+017D (decimal 381)
   defining Unicode char U+017E (decimal 382)
   defining Unicode char U+0218 (decimal 536)
   defining Unicode char U+0219 (decimal 537)
   defining Unicode char U+021A (decimal 538)
   defining Unicode char U+021B (decimal 539)
   defining Unicode char U+200C (decimal 8204)
   defining Unicode char U+2013 (decimal 8211)
   defining Unicode char U+2014 (decimal 8212)
   defining Unicode char U+2018 (decimal 8216)
   defining Unicode char U+2019 (decimal 8217)
   defining Unicode char U+201A (decimal 8218)
   defining Unicode char U+201C (decimal 8220)
   defining Unicode char U+201D (decimal 8221)
   defining Unicode char U+201E (decimal 8222)
   defining Unicode char U+2030 (decimal 8240)
   defining Unicode char U+2031 (decimal 8241)
   defining Unicode char U+2039 (decimal 8249)
   defining Unicode char U+203A (decimal 8250)
   defining Unicode char U+2423 (decimal 9251)
)
Now handling font encoding OT1 ...
... processing UTF-8 mapping file for font encoding OT1

(/usr/share/texmf-dist/tex/latex/base/ot1enc.dfu
File: ot1enc.dfu 2015/09/07 v1.1p UTF-8 support for inputenc
   defining Unicode char U+00A0 (decimal 160)
   defining Unicode char U+00A1 (decimal 161)
   defining Unicode char U+00A3 (decimal 163)
   defining Unicode char U+00AD (decimal 173)
   defining Unicode char U+00B8 (decimal 184)
   defining Unicode char U+00BF (decimal 191)
   defining Unicode char U+00C5 (decimal 197)
   defining Unicode char U+00C6 (decimal 198)
   defining Unicode char U+00D8 (decimal 216)
   defining Unicode char U+00DF (decimal 223)
   defining Unicode char U+00E6 (decimal 230)
   defining Unicode char U+00EC (decimal 236)
   defining Unicode char U+00ED (decimal 237)
   defining Unicode char U+00EE (decimal 238)
   defining Unicode char U+00EF (decimal 239)
   defining Unicode char U+00F8 (decimal 248)
   defining Unicode char U+0131 (decimal 305)
   defining Unicode char U+0141 (decimal 321)
   defining Unicode char U+0142 (decimal 322)
   defining Unicode char U+0152 (decimal 338)
   defining Unicode char U+0153 (decimal 339)
   defining Unicode char U+0174 (decimal 372)
   defining Unicode char U+0175 (decimal 373)
   defining Unicode char U+0176 (decimal 374)
   defining Unicode char U+0177 (decimal 375)
   defining Unicode char U+0218 (decimal 536)
   defining Unicode char U+0219 (decimal 537)
   defining Unicode char U+021A (decimal 538)
   defining Unicode char U+021B (decimal 539)
   defining Unicode char U+2013 (decimal 8211)
   defining Unicode char U+2014 (decimal 8212)
   defining Unicode char U+2018 (decimal 8216)
   defining Unicode char U+2019 (decimal 8217)
   defining Unicode char U+201C (decimal 8220)
   defining Unicode char U+201D (decimal 8221)
)
Now handling font encoding OMS ...
... processing UTF-8 mapping file for font encoding OMS

(/usr/share/texmf-dist/tex/latex/base/omsenc.dfu
File: omsenc.dfu 2015/09/07 v1.1p UTF-8 support for inputenc
   defining Unicode char U+00A7 (decimal 167)
   defining Unicode char U+00B6 (decimal 182)
   defining Unicode char U+00B7 (decimal 183)
   defining Unicode char U+2020 (decimal 8224)
   defining Unicode char U+2021 (decimal 8225)
   defining Unicode char U+2022 (decimal 8226)
)
Now handling font encoding OMX ...
... no UTF-8 mapping file for font encoding OMX
Now handling font encoding U ...
... no UTF-8 mapping file for font encoding U
Now handling font encoding PD1 ...
... no UTF-8 mapping file for font encoding PD1
   defining Unicode char U+00A9 (decimal 169)
   defining Unicode char U+00AA (decimal 170)
   defining Unicode char U+00AE (decimal 174)
   defining Unicode char U+00BA (decimal 186)
   defining Unicode char U+02C6 (decimal 710)
   defining Unicode char U+02DC (decimal 732)
   defining Unicode char U+200C (decimal 8204)
   defining Unicode char U+2026 (decimal 8230)
   defining Unicode char U+2122 (decimal 8482)
   defining Unicode char U+2423 (decimal 9251)
))
(/usr/share/texmf-dist/tex/latex/pgfplots/pgfplots.sty
(/usr/share/texmf-dist/tex/generic/pgfplots/pgfplots.revision.tex)
Package: pgfplots 2015/05/02 v1.12.1 Data Visualization (1.12.1)

(/usr/share/texmf-dist/tex/latex/pgf/frontendlayer/tikz.sty
(/usr/share/texmf-dist/tex/latex/pgf/basiclayer/pgf.sty
(/usr/share/texmf-dist/tex/latex/pgf/utilities/pgfrcs.sty
(/usr/share/texmf-dist/tex/generic/pgf/utilities/pgfutil-common.tex
\pgfutil@everybye=\toks25
\pgfutil@tempdima=\dimen131
\pgfutil@tempdimb=\dimen132

(/usr/share/texmf-dist/tex/generic/pgf/utilities/pgfutil-common-lists.tex))
(/usr/share/texmf-dist/tex/generic/pgf/utilities/pgfutil-latex.def
\pgfutil@abb=\box32

(/usr/share/texmf-dist/tex/latex/ms/everyshi.sty
Package: everyshi 2001/05/15 v3.00 EveryShipout Package (MS)
))
(/usr/share/texmf-dist/tex/generic/pgf/utilities/pgfrcs.code.tex
Package: pgfrcs 2015/08/07 v3.0.1a (rcs-revision 1.31)
))
Package: pgf 2015/08/07 v3.0.1a (rcs-revision 1.15)

(/usr/share/texmf-dist/tex/latex/pgf/basiclayer/pgfcore.sty
(/usr/share/texmf-dist/tex/latex/pgf/systemlayer/pgfsys.sty
(/usr/share/texmf-dist/tex/generic/pgf/systemlayer/pgfsys.code.tex
Package: pgfsys 2014/07/09 v3.0.1a (rcs-revision 1.48)

(/usr/share/texmf-dist/tex/generic/pgf/utilities/pgfkeys.code.tex
\pgfkeys@pathtoks=\toks26
\pgfkeys@temptoks=\toks27

(/usr/share/texmf-dist/tex/generic/pgf/utilities/pgfkeysfiltered.code.tex
\pgfkeys@tmptoks=\toks28
))
\pgf@x=\dimen133
\pgf@y=\dimen134
\pgf@xa=\dimen135
\pgf@ya=\dimen136
\pgf@xb=\dimen137
\pgf@yb=\dimen138
\pgf@xc=\dimen139
\pgf@yc=\dimen140
\w@pgf@writea=\write3
\r@pgf@reada=\read1
\c@pgf@counta=\count125
\c@pgf@countb=\count126
\c@pgf@countc=\count127
\c@pgf@countd=\count128
\t@pgf@toka=\toks29
\t@pgf@tokb=\toks30
\t@pgf@tokc=\toks31

(/usr/share/texmf-dist/tex/generic/pgf/systemlayer/pgf.cfg
File: pgf.cfg 2008/05/14  (rcs-revision 1.7)
)
Driver file for pgf: pgfsys-pdftex.def

(/usr/share/texmf-dist/tex/generic/pgf/systemlayer/pgfsys-pdftex.def
File: pgfsys-pdftex.def 2014/10/11  (rcs-revision 1.35)

(/usr/share/texmf-dist/tex/generic/pgf/systemlayer/pgfsys-common-pdf.def
File: pgfsys-common-pdf.def 2013/10/10  (rcs-revision 1.13)
)))
(/usr/share/texmf-dist/tex/generic/pgf/systemlayer/pgfsyssoftpath.code.tex
File: pgfsyssoftpath.code.tex 2013/09/09  (rcs-revision 1.9)
\pgfsyssoftpath@smallbuffer@items=\count129
\pgfsyssoftpath@bigbuffer@items=\count130
)
(/usr/share/texmf-dist/tex/generic/pgf/systemlayer/pgfsysprotocol.code.tex
File: pgfsysprotocol.code.tex 2006/10/16  (rcs-revision 1.4)
))
(/usr/share/texmf-dist/tex/latex/xcolor/xcolor.sty
Package: xcolor 2007/01/21 v2.11 LaTeX color extensions (UK)

(/usr/share/texmf-dist/tex/latex/latexconfig/color.cfg
File: color.cfg 2007/01/18 v1.5 color configuration of teTeX/TeXLive
)
Package xcolor Info: Driver file: pdftex.def on input line 225.
LaTeX Info: Redefining \color on input line 702.
Package xcolor Info: Model `cmy' substituted by `cmy0' on input line 1337.
Package xcolor Info: Model `hsb' substituted by `rgb' on input line 1341.
Package xcolor Info: Model `RGB' extended on input line 1353.
Package xcolor Info: Model `HTML' substituted by `rgb' on input line 1355.
Package xcolor Info: Model `Hsb' substituted by `hsb' on input line 1356.
Package xcolor Info: Model `tHsb' substituted by `hsb' on input line 1357.
Package xcolor Info: Model `HSB' substituted by `hsb' on input line 1358.
Package xcolor Info: Model `Gray' substituted by `gray' on input line 1359.
Package xcolor Info: Model `wave' substituted by `hsb' on input line 1360.
)
(/usr/share/texmf-dist/tex/generic/pgf/basiclayer/pgfcore.code.tex
Package: pgfcore 2010/04/11 v3.0.1a (rcs-revision 1.7)

(/usr/share/texmf-dist/tex/generic/pgf/math/pgfmath.code.tex
(/usr/share/texmf-dist/tex/generic/pgf/math/pgfmathcalc.code.tex
(/usr/share/texmf-dist/tex/generic/pgf/math/pgfmathutil.code.tex)
(/usr/share/texmf-dist/tex/generic/pgf/math/pgfmathparser.code.tex
\pgfmath@dimen=\dimen141
\pgfmath@count=\count131
\pgfmath@box=\box33
\pgfmath@toks=\toks32
\pgfmath@stack@operand=\toks33
\pgfmath@stack@operation=\toks34
)
(/usr/share/texmf-dist/tex/generic/pgf/math/pgfmathfunctions.code.tex
(/usr/share/texmf-dist/tex/generic/pgf/math/pgfmathfunctions.basic.code.tex)
(/usr/share/texmf-dist/tex/generic/pgf/math/pgfmathfunctions.trigonometric.code
.tex)
(/usr/share/texmf-dist/tex/generic/pgf/math/pgfmathfunctions.random.code.tex)
(/usr/share/texmf-dist/tex/generic/pgf/math/pgfmathfunctions.comparison.code.te
x) (/usr/share/texmf-dist/tex/generic/pgf/math/pgfmathfunctions.base.code.tex)
(/usr/share/texmf-dist/tex/generic/pgf/math/pgfmathfunctions.round.code.tex)
(/usr/share/texmf-dist/tex/generic/pgf/math/pgfmathfunctions.misc.code.tex)
(/usr/share/texmf-dist/tex/generic/pgf/math/pgfmathfunctions.integerarithmetics
.code.tex))) (/usr/share/texmf-dist/tex/generic/pgf/math/pgfmathfloat.code.tex
\c@pgfmathroundto@lastzeros=\count132
)) (/usr/share/texmf-dist/tex/generic/pgf/basiclayer/pgfcorepoints.code.tex
File: pgfcorepoints.code.tex 2013/10/07  (rcs-revision 1.27)
\pgf@picminx=\dimen142
\pgf@picmaxx=\dimen143
\pgf@picminy=\dimen144
\pgf@picmaxy=\dimen145
\pgf@pathminx=\dimen146
\pgf@pathmaxx=\dimen147
\pgf@pathminy=\dimen148
\pgf@pathmaxy=\dimen149
\pgf@xx=\dimen150
\pgf@xy=\dimen151
\pgf@yx=\dimen152
\pgf@yy=\dimen153
\pgf@zx=\dimen154
\pgf@zy=\dimen155
)
(/usr/share/texmf-dist/tex/generic/pgf/basiclayer/pgfcorepathconstruct.code.tex
File: pgfcorepathconstruct.code.tex 2013/10/07  (rcs-revision 1.29)
\pgf@path@lastx=\dimen156
\pgf@path@lasty=\dimen157
) (/usr/share/texmf-dist/tex/generic/pgf/basiclayer/pgfcorepathusage.code.tex
File: pgfcorepathusage.code.tex 2014/11/02  (rcs-revision 1.24)
\pgf@shorten@end@additional=\dimen158
\pgf@shorten@start@additional=\dimen159
)
(/usr/share/texmf-dist/tex/generic/pgf/basiclayer/pgfcorescopes.code.tex
File: pgfcorescopes.code.tex 2015/05/08  (rcs-revision 1.46)
\pgfpic=\box34
\pgf@hbox=\box35
\pgf@layerbox@main=\box36
\pgf@picture@serial@count=\count133
)
(/usr/share/texmf-dist/tex/generic/pgf/basiclayer/pgfcoregraphicstate.code.tex
File: pgfcoregraphicstate.code.tex 2014/11/02  (rcs-revision 1.12)
\pgflinewidth=\dimen160
)
(/usr/share/texmf-dist/tex/generic/pgf/basiclayer/pgfcoretransformations.code.t
ex
File: pgfcoretransformations.code.tex 2015/08/07  (rcs-revision 1.20)
\pgf@pt@x=\dimen161
\pgf@pt@y=\dimen162
\pgf@pt@temp=\dimen163
) (/usr/share/texmf-dist/tex/generic/pgf/basiclayer/pgfcorequick.code.tex
File: pgfcorequick.code.tex 2008/10/09  (rcs-revision 1.3)
)
(/usr/share/texmf-dist/tex/generic/pgf/basiclayer/pgfcoreobjects.code.tex
File: pgfcoreobjects.code.tex 2006/10/11  (rcs-revision 1.2)
)
(/usr/share/texmf-dist/tex/generic/pgf/basiclayer/pgfcorepathprocessing.code.te
x
File: pgfcorepathprocessing.code.tex 2013/09/09  (rcs-revision 1.9)
) (/usr/share/texmf-dist/tex/generic/pgf/basiclayer/pgfcorearrows.code.tex
File: pgfcorearrows.code.tex 2015/05/14  (rcs-revision 1.43)
\pgfarrowsep=\dimen164
)
(/usr/share/texmf-dist/tex/generic/pgf/basiclayer/pgfcoreshade.code.tex
File: pgfcoreshade.code.tex 2013/07/15  (rcs-revision 1.15)
\pgf@max=\dimen165
\pgf@sys@shading@range@num=\count134
)
(/usr/share/texmf-dist/tex/generic/pgf/basiclayer/pgfcoreimage.code.tex
File: pgfcoreimage.code.tex 2013/07/15  (rcs-revision 1.18)

(/usr/share/texmf-dist/tex/generic/pgf/basiclayer/pgfcoreexternal.code.tex
File: pgfcoreexternal.code.tex 2014/07/09  (rcs-revision 1.21)
\pgfexternal@startupbox=\box37
))
(/usr/share/texmf-dist/tex/generic/pgf/basiclayer/pgfcorelayers.code.tex
File: pgfcorelayers.code.tex 2013/07/18  (rcs-revision 1.7)
)
(/usr/share/texmf-dist/tex/generic/pgf/basiclayer/pgfcoretransparency.code.tex
File: pgfcoretransparency.code.tex 2013/09/30  (rcs-revision 1.5)
) (/usr/share/texmf-dist/tex/generic/pgf/basiclayer/pgfcorepatterns.code.tex
File: pgfcorepatterns.code.tex 2013/11/07  (rcs-revision 1.5)
)))
(/usr/share/texmf-dist/tex/generic/pgf/modules/pgfmoduleshapes.code.tex
File: pgfmoduleshapes.code.tex 2014/03/21  (rcs-revision 1.35)
\pgfnodeparttextbox=\box38
)
(/usr/share/texmf-dist/tex/generic/pgf/modules/pgfmoduleplot.code.tex
File: pgfmoduleplot.code.tex 2015/08/03  (rcs-revision 1.13)
)
(/usr/share/texmf-dist/tex/latex/pgf/compatibility/pgfcomp-version-0-65.sty
Package: pgfcomp-version-0-65 2007/07/03 v3.0.1a (rcs-revision 1.7)
\pgf@nodesepstart=\dimen166
\pgf@nodesepend=\dimen167
)
(/usr/share/texmf-dist/tex/latex/pgf/compatibility/pgfcomp-version-1-18.sty
Package: pgfcomp-version-1-18 2007/07/23 v3.0.1a (rcs-revision 1.1)
))
(/usr/share/texmf-dist/tex/latex/pgf/utilities/pgffor.sty
(/usr/share/texmf-dist/tex/latex/pgf/utilities/pgfkeys.sty
(/usr/share/texmf-dist/tex/generic/pgf/utilities/pgfkeys.code.tex))
(/usr/share/texmf-dist/tex/latex/pgf/math/pgfmath.sty
(/usr/share/texmf-dist/tex/generic/pgf/math/pgfmath.code.tex))
(/usr/share/texmf-dist/tex/generic/pgf/utilities/pgffor.code.tex
Package: pgffor 2013/12/13 v3.0.1a (rcs-revision 1.25)

(/usr/share/texmf-dist/tex/generic/pgf/math/pgfmath.code.tex)
\pgffor@iter=\dimen168
\pgffor@skip=\dimen169
\pgffor@stack=\toks35
\pgffor@toks=\toks36
))
(/usr/share/texmf-dist/tex/generic/pgf/frontendlayer/tikz/tikz.code.tex
Package: tikz 2015/08/07 v3.0.1a (rcs-revision 1.151)

(/usr/share/texmf-dist/tex/generic/pgf/libraries/pgflibraryplothandlers.code.te
x
File: pgflibraryplothandlers.code.tex 2013/08/31 v3.0.1a (rcs-revision 1.20)
\pgf@plot@mark@count=\count135
\pgfplotmarksize=\dimen170
)
\tikz@lastx=\dimen171
\tikz@lasty=\dimen172
\tikz@lastxsaved=\dimen173
\tikz@lastysaved=\dimen174
\tikzleveldistance=\dimen175
\tikzsiblingdistance=\dimen176
\tikz@figbox=\box39
\tikz@figbox@bg=\box40
\tikz@tempbox=\box41
\tikz@tempbox@bg=\box42
\tikztreelevel=\count136
\tikznumberofchildren=\count137
\tikznumberofcurrentchild=\count138
\tikz@fig@count=\count139
 (/usr/share/texmf-dist/tex/generic/pgf/modules/pgfmodulematrix.code.tex
File: pgfmodulematrix.code.tex 2013/09/17  (rcs-revision 1.8)
\pgfmatrixcurrentrow=\count140
\pgfmatrixcurrentcolumn=\count141
\pgf@matrix@numberofcolumns=\count142
)
\tikz@expandcount=\count143

(/usr/share/texmf-dist/tex/generic/pgf/frontendlayer/tikz/libraries/tikzlibrary
topaths.code.tex
File: tikzlibrarytopaths.code.tex 2008/06/17 v3.0.1a (rcs-revision 1.2)
)))
(/usr/share/texmf-dist/tex/generic/pgfplots/pgfplots.code.tex
(/usr/share/texmf-dist/tex/generic/pgfplots/pgfplotscore.code.tex
\t@pgfplots@toka=\toks37
\t@pgfplots@tokb=\toks38
\t@pgfplots@tokc=\toks39
\pgfplots@tmpa=\dimen177
\c@pgfplots@coordindex=\count144
\c@pgfplots@scanlineindex=\count145

(/usr/share/texmf-dist/tex/generic/pgfplots/sys/pgfplotssysgeneric.code.tex))
(/usr/share/texmf-dist/tex/generic/pgfplots/libs/pgfplotslibrary.code.tex)
(/usr/share/texmf-dist/tex/generic/pgfplots/oldpgfcompatib/pgfplotsoldpgfsupp_l
oader.code.tex
(/usr/share/texmf-dist/tex/generic/pgf/libraries/pgflibraryfpu.code.tex))
(/usr/share/texmf-dist/tex/generic/pgfplots/util/pgfplotsutil.code.tex
(/usr/share/texmf-dist/tex/generic/pgfplots/liststructure/pgfplotsliststructure
.code.tex)
(/usr/share/texmf-dist/tex/generic/pgfplots/liststructure/pgfplotsliststructure
ext.code.tex)
(/usr/share/texmf-dist/tex/generic/pgfplots/liststructure/pgfplotsarray.code.te
x
\c@pgfplotsarray@tmp=\count146
)
(/usr/share/texmf-dist/tex/generic/pgfplots/liststructure/pgfplotsmatrix.code.t
ex)
(/usr/share/texmf-dist/tex/generic/pgfplots/numtable/pgfplotstableshared.code.t
ex
\c@pgfplotstable@counta=\count147
\t@pgfplotstable@a=\toks40
)
(/usr/share/texmf-dist/tex/generic/pgfplots/liststructure/pgfplotsdeque.code.te
x) (/usr/share/texmf-dist/tex/generic/pgfplots/util/pgfplotsbinary.code.tex
(/usr/share/texmf-dist/tex/generic/pgfplots/util/pgfplotsbinary.data.code.tex))
(/usr/share/texmf-dist/tex/generic/pgfplots/util/pgfplotsutil.verb.code.tex)
(/usr/share/texmf-dist/tex/generic/pgfplots/libs/pgflibrarypgfplots.surfshading
.code.tex
\c@pgfplotslibrarysurf@no=\count148

(/usr/share/texmf-dist/tex/generic/pgfplots/sys/pgflibrarypgfplots.surfshading.
pgfsys-pdftex.def)))
(/usr/share/texmf-dist/tex/generic/pgfplots/util/pgfplotscolormap.code.tex
(/usr/share/texmf-dist/tex/generic/pgfplots/util/pgfplotscolor.code.tex))
(/usr/share/texmf-dist/tex/generic/pgfplots/pgfplotsstackedplots.code.tex)
(/usr/share/texmf-dist/tex/generic/pgfplots/pgfplotsplothandlers.code.tex
(/usr/share/texmf-dist/tex/generic/pgfplots/pgfplotsmeshplothandler.code.tex))
(/usr/share/texmf-dist/tex/generic/pgfplots/pgfplots.scaling.code.tex)
(/usr/share/texmf-dist/tex/generic/pgfplots/pgfplotscoordprocessing.code.tex)
(/usr/share/texmf-dist/tex/generic/pgfplots/pgfplots.errorbars.code.tex)
(/usr/share/texmf-dist/tex/generic/pgfplots/pgfplots.markers.code.tex)
(/usr/share/texmf-dist/tex/generic/pgfplots/pgfplotsticks.code.tex)
(/usr/share/texmf-dist/tex/generic/pgfplots/pgfplots.paths.code.tex)
(/usr/share/texmf-dist/tex/generic/pgf/frontendlayer/tikz/libraries/tikzlibrary
decorations.code.tex
(/usr/share/texmf-dist/tex/generic/pgf/modules/pgfmoduledecorations.code.tex
\pgfdecoratedcompleteddistance=\dimen178
\pgfdecoratedremainingdistance=\dimen179
\pgfdecoratedinputsegmentcompleteddistance=\dimen180
\pgfdecoratedinputsegmentremainingdistance=\dimen181
\pgf@decorate@distancetomove=\dimen182
\pgf@decorate@repeatstate=\count149
\pgfdecorationsegmentamplitude=\dimen183
\pgfdecorationsegmentlength=\dimen184
)
\tikz@lib@dec@box=\box43
)
(/usr/share/texmf-dist/tex/generic/pgf/frontendlayer/tikz/libraries/tikzlibrary
decorations.pathmorphing.code.tex
(/usr/share/texmf-dist/tex/generic/pgf/libraries/decorations/pgflibrarydecorati
ons.pathmorphing.code.tex))
(/usr/share/texmf-dist/tex/generic/pgf/frontendlayer/tikz/libraries/tikzlibrary
decorations.pathreplacing.code.tex
(/usr/share/texmf-dist/tex/generic/pgf/libraries/decorations/pgflibrarydecorati
ons.pathreplacing.code.tex))
\pgfplots@numplots=\count150
\pgfplots@xmin@reg=\dimen185
\pgfplots@xmax@reg=\dimen186
\pgfplots@ymin@reg=\dimen187
\pgfplots@ymax@reg=\dimen188
\pgfplots@zmin@reg=\dimen189
\pgfplots@zmax@reg=\dimen190
)
(/usr/share/texmf-dist/tex/generic/pgf/frontendlayer/tikz/libraries/tikzlibrary
plotmarks.code.tex
File: tikzlibraryplotmarks.code.tex 2008/01/09 v3.0.1a (rcs-revision 1.1)

(/usr/share/texmf-dist/tex/generic/pgf/libraries/pgflibraryplotmarks.code.tex
File: pgflibraryplotmarks.code.tex 2015/08/03 v3.0.1a (rcs-revision 1.14)
))) (/usr/share/texmf-dist/tex/latex/titlesec/titlesec.sty
Package: titlesec 2011/12/15 v2.10.0 Sectioning titles
\ttl@box=\box44
\beforetitleunit=\skip51
\aftertitleunit=\skip52
\ttl@plus=\dimen191
\ttl@minus=\dimen192
\ttl@toksa=\toks41
\titlewidth=\dimen193
\titlewidthlast=\dimen194
\titlewidthfirst=\dimen195
)
(/usr/share/texmf-dist/tex/latex/SIunits/SIunits.sty
Package: SIunits 2007/12/02 v1.36 Support for the International System of units
 (MH)


\@qskwidth=\skip53
Now handling font encoding TS1 ...
... processing UTF-8 mapping file for font encoding TS1
(/usr/share/texmf-dist/tex/latex/base/ts1enc.dfu
File: ts1enc.dfu 2015/09/07 v1.1p UTF-8 support for inputenc
   defining Unicode char U+00A2 (decimal 162)
   defining Unicode char U+00A3 (decimal 163)
   defining Unicode char U+00A4 (decimal 164)
   defining Unicode char U+00A5 (decimal 165)
   defining Unicode char U+00A6 (decimal 166)
   defining Unicode char U+00A7 (decimal 167)
   defining Unicode char U+00A8 (decimal 168)
   defining Unicode char U+00A9 (decimal 169)
   defining Unicode char U+00AA (decimal 170)
   defining Unicode char U+00AC (decimal 172)
   defining Unicode char U+00AE (decimal 174)
   defining Unicode char U+00AF (decimal 175)
   defining Unicode char U+00B0 (decimal 176)
   defining Unicode char U+00B1 (decimal 177)
   defining Unicode char U+00B2 (decimal 178)
   defining Unicode char U+00B3 (decimal 179)
   defining Unicode char U+00B4 (decimal 180)
   defining Unicode char U+00B5 (decimal 181)
   defining Unicode char U+00B6 (decimal 182)
   defining Unicode char U+00B7 (decimal 183)
   defining Unicode char U+00B9 (decimal 185)
   defining Unicode char U+00BA (decimal 186)
   defining Unicode char U+00BC (decimal 188)
   defining Unicode char U+00BD (decimal 189)
   defining Unicode char U+00BE (decimal 190)
   defining Unicode char U+00D7 (decimal 215)
   defining Unicode char U+00F7 (decimal 247)
   defining Unicode char U+0192 (decimal 402)
   defining Unicode char U+02C7 (decimal 711)
   defining Unicode char U+02D8 (decimal 728)
   defining Unicode char U+02DD (decimal 733)
   defining Unicode char U+0E3F (decimal 3647)
   defining Unicode char U+2016 (decimal 8214)
   defining Unicode char U+2020 (decimal 8224)
   defining Unicode char U+2021 (decimal 8225)
   defining Unicode char U+2022 (decimal 8226)
   defining Unicode char U+2030 (decimal 8240)
   defining Unicode char U+2031 (decimal 8241)
   defining Unicode char U+203B (decimal 8251)
   defining Unicode char U+203D (decimal 8253)
   defining Unicode char U+2044 (decimal 8260)
   defining Unicode char U+204E (decimal 8270)
   defining Unicode char U+2052 (decimal 8274)
   defining Unicode char U+20A1 (decimal 8353)
   defining Unicode char U+20A4 (decimal 8356)
   defining Unicode char U+20A6 (decimal 8358)
   defining Unicode char U+20A9 (decimal 8361)
   defining Unicode char U+20AB (decimal 8363)
   defining Unicode char U+20AC (decimal 8364)
   defining Unicode char U+20B1 (decimal 8369)
   defining Unicode char U+2103 (decimal 8451)
   defining Unicode char U+2116 (decimal 8470)
   defining Unicode char U+2117 (decimal 8471)
   defining Unicode char U+211E (decimal 8478)
   defining Unicode char U+2120 (decimal 8480)
   defining Unicode char U+2122 (decimal 8482)
   defining Unicode char U+2126 (decimal 8486)
   defining Unicode char U+2127 (decimal 8487)
   defining Unicode char U+212E (decimal 8494)
   defining Unicode char U+2190 (decimal 8592)
   defining Unicode char U+2191 (decimal 8593)
   defining Unicode char U+2192 (decimal 8594)
   defining Unicode char U+2193 (decimal 8595)
   defining Unicode char U+2329 (decimal 9001)
   defining Unicode char U+232A (decimal 9002)
   defining Unicode char U+2422 (decimal 9250)
   defining Unicode char U+25E6 (decimal 9702)
   defining Unicode char U+25EF (decimal 9711)
   defining Unicode char U+266A (decimal 9834)
)
\symgreek=\mathgroup4

(/usr/share/texmf-dist/tex/latex/SIunits/SIunits.cfg)
LaTeX Info: Redefining \usk on input line 576.

Option `mediumspace' provided!
LaTeX Info: Redefining \@qsk on input line 576.
Option `mediumqspace' provided!
Option `squaren' provided!
)
(/usr/share/texmf-dist/tex/generic/pgf/frontendlayer/tikz/libraries/tikzlibrary
calc.code.tex
File: tikzlibrarycalc.code.tex 2013/07/15 v3.0.1a (rcs-revision 1.9)
)
Package hyperref Info: Option `colorlinks' set `false' on input line 32.
 (./report.aux

LaTeX Warning: Label `fig:bwbefore' multiply defined.


LaTeX Warning: Label `sub@fig:bwbefore' multiply defined.


LaTeX Warning: Label `fig:bwafter' multiply defined.


LaTeX Warning: Label `sub@fig:bwafter' multiply defined.

)
\openout1 = `report.aux'.

LaTeX Font Info:    Checking defaults for OML/cmm/m/it on input line 40.
LaTeX Font Info:    ... okay on input line 40.
LaTeX Font Info:    Checking defaults for T1/cmr/m/n on input line 40.
LaTeX Font Info:    ... okay on input line 40.
LaTeX Font Info:    Checking defaults for OT1/cmr/m/n on input line 40.
LaTeX Font Info:    ... okay on input line 40.
LaTeX Font Info:    Checking defaults for OMS/cmsy/m/n on input line 40.
LaTeX Font Info:    ... okay on input line 40.
LaTeX Font Info:    Checking defaults for OMX/cmex/m/n on input line 40.
LaTeX Font Info:    ... okay on input line 40.
LaTeX Font Info:    Checking defaults for U/cmr/m/n on input line 40.
LaTeX Font Info:    ... okay on input line 40.
LaTeX Font Info:    Checking defaults for PD1/pdf/m/n on input line 40.
LaTeX Font Info:    ... okay on input line 40.
LaTeX Font Info:    Checking defaults for TS1/cmr/m/n on input line 40.
LaTeX Font Info:    Try loading font information for TS1+cmr on input line 40.
 (/usr/share/texmf-dist/tex/latex/base/ts1cmr.fd
File: ts1cmr.fd 2014/09/29 v2.5h Standard LaTeX font definitions
)
LaTeX Font Info:    ... okay on input line 40.

(/usr/share/texmf-dist/tex/context/base/supp-pdf.mkii
[Loading MPS to PDF converter (version 2006.09.02).]
\scratchcounter=\count151
\scratchdimen=\dimen196
\scratchbox=\box45
\nofMPsegments=\count152
\nofMParguments=\count153
\everyMPshowfont=\toks42
\MPscratchCnt=\count154
\MPscratchDim=\dimen197
\MPnumerator=\count155
\makeMPintoPDFobject=\count156
\everyMPtoPDFconversion=\toks43
) (/usr/share/texmf-dist/tex/latex/oberdiek/epstopdf-base.sty
Package: epstopdf-base 2010/02/09 v2.5 Base part for package epstopdf

(/usr/share/texmf-dist/tex/latex/oberdiek/grfext.sty
Package: grfext 2010/08/19 v1.1 Manage graphics extensions (HO)
)
Package grfext Info: Graphics extension search list:
(grfext)             [.png,.pdf,.jpg,.mps,.jpeg,.jbig2,.jb2,.PNG,.PDF,.JPG,.JPE
G,.JBIG2,.JB2,.eps]
(grfext)             \AppendGraphicsExtensions on input line 452.

(/usr/share/texmf-dist/tex/latex/latexconfig/epstopdf-sys.cfg
File: epstopdf-sys.cfg 2010/07/13 v1.3 Configuration of (r)epstopdf for TeX Liv
e
))
\AtBeginShipoutBox=\box46
Package hyperref Info: Link coloring OFF on input line 40.

(/usr/share/texmf-dist/tex/latex/hyperref/nameref.sty
Package: nameref 2012/10/27 v2.43 Cross-referencing by name of section

(/usr/share/texmf-dist/tex/generic/oberdiek/gettitlestring.sty
Package: gettitlestring 2010/12/03 v1.4 Cleanup title references (HO)
)
\c@section@level=\count157
)
LaTeX Info: Redefining \ref on input line 40.
LaTeX Info: Redefining \pageref on input line 40.
LaTeX Info: Redefining \nameref on input line 40.
 (./report.out) (./report.out)
\@outlinefile=\write4
\openout4 = `report.out'.

\c@lstlisting=\count158
Package caption Info: Begin \AtBeginDocument code.
Package caption Info: End \AtBeginDocument code.
 ABD: EveryShipout initializing macros
Package pgfplots notification 'compat/show suggested version=true': you might b
enefit from \pgfplotsset{compat=1.12} (current compat level: 1.8).

Option `squaren' provided! 
 Command \squaren defined by SIunits package!

(./deckblatt.tex [1

{/var/lib/texmf/fonts/map/pdftex/updmap/pdftex.map}])
(./report.tocpdfTeX warning (ext4): destination with the same identifier (name{
page.1}) has been already used, duplicate ignored
<to be read again> 
                   \relax 
l.43 ...uential Thinning}{39}{subsubsection.3.7.1}
                                                   [1]
Overfull \hbox (9.58398pt too wide) in paragraph at lines 50--50
 [][] [][]\OT1/cmr/m/n/10 Algorithm C: Ero-sion us-ing Breadth-First-Search and
 Short- 
 []

)
\tf@toc=\write5
\openout5 = `report.toc'.

 [2] <timeline2.png, id=328, 1462.71469pt x 1145.02782pt>
File: timeline2.png Graphic file (type png)
 <use timeline2.png>
Package pdftex.def Info: timeline2.png used on input line 97.
(pdftex.def)             Requested size: 345.0pt x 270.06pt.

[3] [4 <./timeline2.png (PNG copy)>]
<Figure1.png, id=348, 189.8292pt x 303.0522pt>
File: Figure1.png Graphic file (type png)
 <use Figure1.png>
Package pdftex.def Info: Figure1.png used on input line 119.
(pdftex.def)             Requested size: 172.5pt x 275.38487pt.

<Figure2.png, id=355, 264.99pt x 198.9834pt>
File: Figure2.png Graphic file (type png)
 <use Figure2.png>
Package pdftex.def Info: Figure2.png used on input line 128.
(pdftex.def)             Requested size: 258.75pt x 194.31013pt.
 [5]
<Figure3.png, id=369, 280.4076pt x 152.2488pt>
File: Figure3.png Graphic file (type png)
 <use Figure3.png>
Package pdftex.def Info: Figure3.png used on input line 136.
(pdftex.def)             Requested size: 310.4979pt x 168.58463pt.
 [6 <./Figure1.png>] [7 <./Figure2.png> <./Figure3.png>]
<Figure4.png, id=408, 452.4102pt x 217.7736pt>
File: Figure4.png Graphic file (type png)
 <use Figure4.png>
Package pdftex.def Info: Figure4.png used on input line 153.
(pdftex.def)             Requested size: 310.4979pt x 149.4631pt.

<Figure5.png, id=414, 216.81pt x 217.7736pt>
File: Figure5.png Graphic file (type png)
 <use Figure5.png>
Package pdftex.def Info: Figure5.png used on input line 162.
(pdftex.def)             Requested size: 172.5pt x 173.27539pt.
 [8] [9 <./Figure4.png>] [10 <./Figure5.png>] [11]
<Segmentation_histo.PNG, id=507, 448.67625pt x 418.56375pt>
File: Segmentation_histo.PNG Graphic file (type png)

<use Segmentation_histo.PNG>
Package pdftex.def Info: Segmentation_histo.PNG used on input line 189.
(pdftex.def)             Requested size: 241.49895pt x 225.28658pt.
 [12 <./Segmentation_histo.PNG>] [13]
<Masken.JPG, id=551, 917.67844pt x 618.05907pt>
File: Masken.JPG Graphic file (type jpg)
 <use Masken.JPG>
Package pdftex.def Info: Masken.JPG used on input line 222.
(pdftex.def)             Requested size: 241.49895pt x 162.64374pt.

Underfull \hbox (badness 10000) in paragraph at lines 238--239

 []

[14 <./Masken.JPG>]
Underfull \hbox (badness 10000) in paragraph at lines 252--255

 []


Underfull \hbox (badness 10000) in paragraph at lines 256--258

 []


Underfull \hbox (badness 10000) in paragraph at lines 263--266

 []


Underfull \hbox (badness 10000) in paragraph at lines 267--268

 []


Underfull \hbox (badness 10000) in paragraph at lines 273--276

 []


Underfull \hbox (badness 10000) in paragraph at lines 277--278

 []


Underfull \hbox (badness 10000) in paragraph at lines 284--287

 []

<freeman.PNG, id=575, 771.63281pt x 319.1925pt>
File: freeman.PNG Graphic file (type png)
 <use freeman.PNG>
Package pdftex.def Info: freeman.PNG used on input line 291.
(pdftex.def)             Requested size: 241.49895pt x 99.89839pt.

Underfull \hbox (badness 10000) in paragraph at lines 297--298

 []


Underfull \hbox (badness 10000) in paragraph at lines 303--306

 []


Underfull \hbox (badness 10000) in paragraph at lines 309--310

 []

[15]
Underfull \hbox (badness 10000) in paragraph at lines 323--326

 []


Underfull \hbox (badness 10000) in paragraph at lines 331--332

 []


Underfull \hbox (badness 10000) in paragraph at lines 348--351

 []

[16 <./freeman.PNG>] <coutureLength.png, id=600, 1018.80624pt x 794.97pt>
File: coutureLength.png Graphic file (type png)

<use coutureLength.png>
Package pdftex.def Info: coutureLength.png used on input line 370.
(pdftex.def)             Requested size: 172.5pt x 134.59724pt.
 [17]
<angleMeasurement.png, id=605, 1092.08pt x 428.60126pt>
File: angleMeasurement.png Graphic file (type png)

<use angleMeasurement.png>
Package pdftex.def Info: angleMeasurement.png used on input line 378.
(pdftex.def)             Requested size: 241.49895pt x 94.77652pt.
 [18 <./coutureLength.png> <./angleMeasurement.png>]
LaTeX Font Info:    Try loading font information for OMS+cmr on input line 393.


(/usr/share/texmf-dist/tex/latex/base/omscmr.fd
File: omscmr.fd 2014/09/29 v2.5h Standard LaTeX font definitions
)
LaTeX Font Info:    Font shape `OMS/cmr/m/n' in size <10> not available
(Font)              Font shape `OMS/cmsy/m/n' tried instead on input line 393.

Underfull \hbox (badness 10000) in paragraph at lines 397--398

 []

[19]
Underfull \hbox (badness 10000) in paragraph at lines 422--423

 []

[20] <beforeDenoise_img.png, id=643, 505.89pt x 433.62pt>
File: beforeDenoise_img.png Graphic file (type png)

<use beforeDenoise_img.png>
Package pdftex.def Info: beforeDenoise_img.png used on input line 429.
(pdftex.def)             Requested size: 96.59958pt x 82.79887pt.

<afterDenoise_img.png, id=644, 496.85625pt x 426.09187pt>
File: afterDenoise_img.png Graphic file (type png)

<use afterDenoise_img.png>
Package pdftex.def Info: afterDenoise_img.png used on input line 433.
(pdftex.def)             Requested size: 96.59958pt x 82.83727pt.

<beforeDenoise_histogram.png, id=645, 963.6pt x 322.95656pt>
File: beforeDenoise_histogram.png Graphic file (type png)

<use beforeDenoise_histogram.png>
Package pdftex.def Info: beforeDenoise_histogram.png used on input line 438.
(pdftex.def)             Requested size: 241.49895pt x 80.93605pt.

<afterDenoise_histogram.png, id=646, 963.6pt x 322.95656pt>
File: afterDenoise_histogram.png Graphic file (type png)

<use afterDenoise_histogram.png>
Package pdftex.def Info: afterDenoise_histogram.png used on input line 442.
(pdftex.def)             Requested size: 241.49895pt x 80.93605pt.
 [21 <./beforeDenoise_img.png (PNG copy)> <./afterDenoise_img.png (PNG copy)> <
./beforeDenoise_histogram.png (PNG copy)> <./afterDenoise_histogram.png (PNG co
py)>] [22]
Underfull \hbox (badness 10000) in paragraph at lines 465--470

 []

[23] <step1_dp.PNG, id=668, 410.2828pt x 410.2828pt>
File: step1_dp.PNG Graphic file (type png)
 <use step1_dp.PNG>
Package pdftex.def Info: step1_dp.PNG used on input line 476.
(pdftex.def)             Requested size: 110.40253pt x 110.4022pt.

<step2.PNG, id=669, 408.77719pt x 407.27156pt>
File: step2.PNG Graphic file (type png)
 <use step2.PNG>
Package pdftex.def Info: step2.PNG used on input line 482.
(pdftex.def)             Requested size: 110.40253pt x 109.99585pt.

<step3.PNG, id=670, 410.2828pt x 408.77719pt>
File: step3.PNG Graphic file (type png)
 <use step3.PNG>
Package pdftex.def Info: step3.PNG used on input line 488.
(pdftex.def)             Requested size: 110.40253pt x 109.99707pt.

<step4.PNG, id=671, 409.53pt x 410.2828pt>
File: step4.PNG Graphic file (type png)
 <use step4.PNG>
Package pdftex.def Info: step4.PNG used on input line 494.
(pdftex.def)             Requested size: 110.40253pt x 110.60254pt.

<step5.PNG, id=672, 362.10281pt x 361.35pt>
File: step5.PNG Graphic file (type png)
 <use step5.PNG>
Package pdftex.def Info: step5.PNG used on input line 500.
(pdftex.def)             Requested size: 110.40253pt x 110.17023pt.

<step6.PNG, id=673, 364.36125pt x 362.10281pt>
File: step6.PNG Graphic file (type png)
 <use step6.PNG>
Package pdftex.def Info: step6.PNG used on input line 506.
(pdftex.def)             Requested size: 110.40253pt x 109.71461pt.

<step7.PNG, id=674, 361.35pt x 362.10281pt>
File: step7.PNG Graphic file (type png)
 <use step7.PNG>
Package pdftex.def Info: step7.PNG used on input line 512.
(pdftex.def)             Requested size: 110.40253pt x 110.6318pt.

<step8.PNG, id=675, 363.60844pt x 360.59718pt>
File: step8.PNG Graphic file (type png)
 <use step8.PNG>
Package pdftex.def Info: step8.PNG used on input line 518.
(pdftex.def)             Requested size: 110.40253pt x 109.48952pt.

<step9.png, id=676, 347.04657pt x 348.55219pt>
File: step9.png Graphic file (type png)
 <use step9.png>
Package pdftex.def Info: step9.png used on input line 524.
(pdftex.def)             Requested size: 110.40253pt x 110.87947pt.

Underfull \hbox (badness 10000) in paragraph at lines 536--546

 []

[24 <./step1_dp.PNG> <./step2.PNG> <./step3.PNG> <./step4.PNG> <./step5.PNG> <.
/step6.PNG> <./step7.PNG> <./step8.PNG> <./step9.png>] [25] [26]
<original.png, id=710, 480.29437pt x 481.04718pt>
File: original.png Graphic file (type png)
 <use original.png>
Package pdftex.def Info: original.png used on input line 575.
(pdftex.def)             Requested size: 110.7447pt x 110.91745pt.

<only_median.png, id=711, 482.55281pt x 482.55281pt>
File: only_median.png Graphic file (type png)
 <use only_median.png>
Package pdftex.def Info: only_median.png used on input line 581.
(pdftex.def)             Requested size: 110.7447pt x 110.74182pt.

<only_low.png, id=712, 481.8pt x 482.55281pt>
File: only_low.png Graphic file (type png)
 <use only_low.png>
Package pdftex.def Info: only_low.png used on input line 587.
(pdftex.def)             Requested size: 110.7447pt x 110.91118pt.
File: original.png Graphic file (type png)

<use original.png>
Package pdftex.def Info: original.png used on input line 607.
(pdftex.def)             Requested size: 110.7447pt x 110.91745pt.
 <both_inverse_order.png, id=714, 481.04718pt x 481.04718pt>
File: both_inverse_order.png Graphic file (type png)

<use both_inverse_order.png>
Package pdftex.def Info: both_inverse_order.png used on input line 613.
(pdftex.def)             Requested size: 110.7447pt x 110.74129pt.

<both_right_order.png, id=715, 481.8pt x 481.04718pt>
File: both_right_order.png Graphic file (type png)

<use both_right_order.png>
Package pdftex.def Info: both_right_order.png used on input line 619.
(pdftex.def)             Requested size: 110.7447pt x 110.56511pt.
 [27 <./original.png> <./only_median.png> <./only_low.png>]
Underfull \hbox (badness 10000) in paragraph at lines 631--634

 []

<original_histo.png, id=727, 1445.4pt x 724.95844pt>
File: original_histo.png Graphic file (type png)
 <use original_histo.png>
Package pdftex.def Info: original_histo.png used on input line 638.
(pdftex.def)             Requested size: 155.24895pt x 77.86513pt.

<only_med_histo.png, id=728, 1445.4pt x 724.95844pt>
File: only_med_histo.png Graphic file (type png)
 <use only_med_histo.png>
Package pdftex.def Info: only_med_histo.png used on input line 644.
(pdftex.def)             Requested size: 155.24895pt x 77.86513pt.

<only_low_histo.png, id=729, 1445.4pt x 724.95844pt>
File: only_low_histo.png Graphic file (type png)
 <use only_low_histo.png>
Package pdftex.def Info: only_low_histo.png used on input line 650.
(pdftex.def)             Requested size: 155.24895pt x 77.86513pt.

[28 <./both_inverse_order.png> <./both_right_order.png>]
File: original_histo.png Graphic file (type png)

<use original_histo.png>
Package pdftex.def Info: original_histo.png used on input line 670.
(pdftex.def)             Requested size: 155.24895pt x 77.86513pt.

<both_inverse_histo.png, id=740, 1445.4pt x 724.95844pt>
File: both_inverse_histo.png Graphic file (type png)

<use both_inverse_histo.png>
Package pdftex.def Info: both_inverse_histo.png used on input line 676.
(pdftex.def)             Requested size: 155.24895pt x 77.86513pt.

<both_right_histo.png, id=741, 1445.4pt x 724.95844pt>
File: both_right_histo.png Graphic file (type png)

<use both_right_histo.png>
Package pdftex.def Info: both_right_histo.png used on input line 682.
(pdftex.def)             Requested size: 155.24895pt x 77.86513pt.
 [29 <./original_histo.png (PNG copy)> <./only_med_histo.png (PNG copy)> <./onl
y_low_histo.png (PNG copy)>] [30 <./both_inverse_histo.png (PNG copy)> <./both_
right_histo.png (PNG copy)>]
<noise1.png, id=762, 578.16pt x 578.16pt>
File: noise1.png Graphic file (type png)
 <use noise1.png>
Package pdftex.def Info: noise1.png used on input line 711.
(pdftex.def)             Requested size: 172.5pt x 172.49655pt.

<noise2.png, id=763, 578.16pt x 578.16pt>
File: noise2.png Graphic file (type png)
 <use noise2.png>
Package pdftex.def Info: noise2.png used on input line 717.
(pdftex.def)             Requested size: 172.5pt x 172.49655pt.

Overfull \hbox (2.22221pt too wide) in paragraph at lines 710--721
[]$[]$  $[]$ 
 []

[31] <histogramOriginal.png, id=773, 1204.5pt x 662.475pt>
File: histogramOriginal.png Graphic file (type png)

<use histogramOriginal.png>
Package pdftex.def Info: histogramOriginal.png used on input line 743.
(pdftex.def)             Requested size: 345.0pt x 189.74742pt.
 <noise21.png, id=775, 1284.8pt x 1284.8pt>
File: noise21.png Graphic file (type png)

<use noise21.png>
Package pdftex.def Info: noise21.png used on input line 756.
(pdftex.def)             Requested size: 172.5pt x 172.4995pt.
 <step21.png, id=776, 1284.8pt x 1284.8pt>
File: step21.png Graphic file (type png)
 <use step21.png>
Package pdftex.def Info: step21.png used on input line 762.
(pdftex.def)             Requested size: 172.5pt x 172.4995pt.

Overfull \hbox (2.22221pt too wide) in paragraph at lines 755--766
[]$[]$  $[]$ 
 []

[32 <./noise1.png> <./noise2.png>] <Maske.png, id=790, 1284.8pt x 1284.8pt>
File: Maske.png Graphic file (type png)

<use Maske.png>
Package pdftex.def Info: Maske.png used on input line 774.
(pdftex.def)             Requested size: 172.5pt x 172.4995pt.
 <filtered.png, id=791, 1284.8pt x 1284.8pt>
File: filtered.png Graphic file (type png)
 <use filtered.png>
Package pdftex.def Info: filtered.png used on input line 780.
(pdftex.def)             Requested size: 172.5pt x 172.4995pt.

Overfull \hbox (2.22221pt too wide) in paragraph at lines 773--784
[]$[]$  $[]$ 
 []

[33 <./histogramOriginal.png> <./noise21.png (PNG copy)> <./step21.png (PNG cop
y)>] <before.png, id=803, 1284.8pt x 1284.8pt>
File: before.png Graphic file (type png)
 <use before.png>
Package pdftex.def Info: before.png used on input line 800.
(pdftex.def)             Requested size: 172.5pt x 172.4995pt.

<after.png, id=804, 1284.8pt x 1284.8pt>
File: after.png Graphic file (type png)
 <use after.png>
Package pdftex.def Info: after.png used on input line 806.
(pdftex.def)             Requested size: 172.5pt x 172.4995pt.

Overfull \hbox (2.22221pt too wide) in paragraph at lines 799--810
[]$[]$  $[]$ 
 []

[34 <./Maske.png (PNG copy)> <./filtered.png (PNG copy)>]
<thresholds.png, id=812, 1204.5pt x 662.475pt>
File: thresholds.png Graphic file (type png)
 <use thresholds.png>
Package pdftex.def Info: thresholds.png used on input line 834.
(pdftex.def)             Requested size: 345.0pt x 189.74742pt.

<noise2before.png, id=815, 1284.8pt x 1284.8pt>
File: noise2before.png Graphic file (type png)
 <use noise2before.png>
Package pdftex.def Info: noise2before.png used on input line 845.
(pdftex.def)             Requested size: 172.5pt x 172.4995pt.

<noise2after.png, id=816, 1284.8pt x 1284.8pt>
File: noise2after.png Graphic file (type png)
 <use noise2after.png>
Package pdftex.def Info: noise2after.png used on input line 851.
(pdftex.def)             Requested size: 172.5pt x 172.4995pt.

Overfull \hbox (2.22221pt too wide) in paragraph at lines 844--855
[]$[]$  $[]$ 
 []

[35 <./before.png> <./after.png>] [36 <./thresholds.png> <./noise2before.png> <
./noise2after.png>] (./houghTransfom1.pdf_tex
<houghTransfom1.pdf, id=835, page=1, 214.11156pt x 101.43758pt>
File: houghTransfom1.pdf Graphic file (type pdf)

<use houghTransfom1.pdf, page 1>
Package pdftex.def Info: houghTransfom1.pdf, page1 used on input line 52.
(pdftex.def)             Requested size: 327.74895pt x 155.28564pt.

<houghTransfom1.pdf, id=836, page=2, 214.11156pt x 101.43758pt>
File: houghTransfom1.pdf Graphic file (type pdf)

<use houghTransfom1.pdf, page 2>
Package pdftex.def Info: houghTransfom1.pdf, page2 used on input line 54.
(pdftex.def)             Requested size: 327.74895pt x 155.28564pt.

<houghTransfom1.pdf, id=837, page=3, 214.11156pt x 101.43758pt>
File: houghTransfom1.pdf Graphic file (type pdf)

<use houghTransfom1.pdf, page 3>
Package pdftex.def Info: houghTransfom1.pdf, page3 used on input line 56.
(pdftex.def)             Requested size: 327.74895pt x 155.28564pt.

<houghTransfom1.pdf, id=838, page=4, 214.11156pt x 101.43758pt>
File: houghTransfom1.pdf Graphic file (type pdf)

<use houghTransfom1.pdf, page 4>
Package pdftex.def Info: houghTransfom1.pdf, page4 used on input line 63.
(pdftex.def)             Requested size: 327.74895pt x 155.28564pt.
) (./houghTransfom2.pdf_tex
<houghTransfom2.pdf, id=840, page=1, 213.71007pt x 101.43758pt>
File: houghTransfom2.pdf Graphic file (type pdf)

<use houghTransfom2.pdf, page 1>
Package pdftex.def Info: houghTransfom2.pdf, page1 used on input line 54.
(pdftex.def)             Requested size: 327.74895pt x 155.58127pt.

<houghTransfom2.pdf, id=841, page=2, 213.71007pt x 101.43758pt>
File: houghTransfom2.pdf Graphic file (type pdf)

<use houghTransfom2.pdf, page 2>
Package pdftex.def Info: houghTransfom2.pdf, page2 used on input line 60.
(pdftex.def)             Requested size: 327.74895pt x 155.58127pt.
) (./houghTransfom3.pdf_tex
<houghTransfom3.pdf, id=843, page=1, 215.06953pt x 92.10658pt>
File: houghTransfom3.pdf Graphic file (type pdf)

<use houghTransfom3.pdf, page 1>
Package pdftex.def Info: houghTransfom3.pdf, page1 used on input line 52.
(pdftex.def)             Requested size: 327.74895pt x 140.36603pt.

<houghTransfom3.pdf, id=844, page=2, 215.06953pt x 92.10658pt>
File: houghTransfom3.pdf Graphic file (type pdf)

<use houghTransfom3.pdf, page 2>
Package pdftex.def Info: houghTransfom3.pdf, page2 used on input line 56.
(pdftex.def)             Requested size: 327.74895pt x 140.36603pt.
) [37 <./houghTransfom1.pdf> <./houghTransfom1.pdf

pdfTeX warning: /usr/bin/pdflatex (file ./houghTransfom1.pdf): PDF inclusion: m
ultiple pdfs with page group included in a single page
> <./houghTransfom1.pdf

pdfTeX warning: /usr/bin/pdflatex (file ./houghTransfom1.pdf): PDF inclusion: m
ultiple pdfs with page group included in a single page
> <./houghTransfom1.pdf

pdfTeX warning: /usr/bin/pdflatex (file ./houghTransfom1.pdf): PDF inclusion: m
ultiple pdfs with page group included in a single page
>] <findNukleii_rawCloseAn.png, id=975, 593.21625pt x 574.145pt>
File: findNukleii_rawCloseAn.png Graphic file (type png)

<use findNukleii_rawCloseAn.png>
Package pdftex.def Info: findNukleii_rawCloseAn.png used on input line 914.
(pdftex.def)             Requested size: 172.5pt x 166.95334pt.

<findNukleii1_rawCloseAn.png, id=976, 593.21625pt x 574.145pt>
File: findNukleii1_rawCloseAn.png Graphic file (type png)

<use findNukleii1_rawCloseAn.png>
Package pdftex.def Info: findNukleii1_rawCloseAn.png used on input line 915.
(pdftex.def)             Requested size: 172.5pt x 166.95334pt.

Overfull \hbox (2.22221pt too wide) in paragraph at lines 914--916
[][] [] 
 []


LaTeX Warning: `!h' float specifier changed to `!ht'.

[38 <./houghTransfom2.pdf> <./houghTransfom2.pdf

pdfTeX warning: /usr/bin/pdflatex (file ./houghTransfom2.pdf): PDF inclusion: m
ultiple pdfs with page group included in a single page
> <./houghTransfom3.pdf

pdfTeX warning: /usr/bin/pdflatex (file ./houghTransfom3.pdf): PDF inclusion: m
ultiple pdfs with page group included in a single page
> <./houghTransfom3.pdf

pdfTeX warning: /usr/bin/pdflatex (file ./houghTransfom3.pdf): PDF inclusion: m
ultiple pdfs with page group included in a single page
>] [39 <./findNukleii_rawCloseAn.png> <./findNukleii1_rawCloseAn.png>] [40]
<bin.png, id=1138, 518.1759pt x 518.1759pt>
File: bin.png Graphic file (type png)
 <use bin.png>
Package pdftex.def Info: bin.png used on input line 990.
(pdftex.def)             Requested size: 169.0519pt x 169.04561pt.

<thinned.png, id=1139, 518.1759pt x 518.1759pt>
File: thinned.png Graphic file (type png)
 <use thinned.png>
Package pdftex.def Info: thinned.png used on input line 991.
(pdftex.def)             Requested size: 169.0519pt x 169.04561pt.
 [41 <./bin.png (PNG copy)> <./thinned.png (PNG copy)>]
<thinnedHilditch.png, id=1153, 461.47406pt x 461.47406pt>
File: thinnedHilditch.png Graphic file (type png)

<use thinnedHilditch.png>
Package pdftex.def Info: thinnedHilditch.png used on input line 1028.
(pdftex.def)             Requested size: 137.9979pt x 137.99261pt.

<thinnedZhangSuen.png, id=1154, 461.47406pt x 461.47406pt>
File: thinnedZhangSuen.png Graphic file (type png)

<use thinnedZhangSuen.png>
Package pdftex.def Info: thinnedZhangSuen.png used on input line 1029.
(pdftex.def)             Requested size: 137.9979pt x 137.99261pt.
 [42 <./thinnedHilditch.png (PNG copy)> <./thinnedZhangSuen.png>]
Underfull \hbox (badness 10000) in paragraph at lines 1037--1038

 []


Underfull \hbox (badness 10000) in paragraph at lines 1040--1041

 []


Underfull \hbox (badness 10000) in paragraph at lines 1043--1044

 []

<Lpoint.png, id=1166, 285.31593pt x 283.81032pt>
File: Lpoint.png Graphic file (type png)
 <use Lpoint.png>
Package pdftex.def Info: Lpoint.png used on input line 1054.
(pdftex.def)             Requested size: 124.20021pt x 123.54309pt.

<Lpoint_mask.png, id=1167, 285.31593pt x 283.81032pt>
File: Lpoint_mask.png Graphic file (type png)
 <use Lpoint_mask.png>
Package pdftex.def Info: Lpoint_mask.png used on input line 1060.
(pdftex.def)             Requested size: 124.20021pt x 123.54309pt.

[43] <praes2.png, id=1173, 84.315pt x 44.165pt>
File: praes2.png Graphic file (type png)
 <use praes2.png>
Package pdftex.def Info: praes2.png used on input line 1076.
(pdftex.def)             Requested size: 120.7521pt x 63.25247pt.

<rect4833.png, id=1174, 76.285pt x 40.15pt>
File: rect4833.png Graphic file (type png)
 <use rect4833.png>
Package pdftex.def Info: rect4833.png used on input line 1082.
(pdftex.def)             Requested size: 120.7521pt x 63.55635pt.
 [44 <./Lpoint.png> <./Lpoint_mask.png> <./praes2.png> <./rect4833.png>]
Underfull \hbox (badness 10000) in paragraph at lines 1099--1104

 []

[45] <neighborhood.PNG, id=1200, 163.3603pt x 94.10156pt>
File: neighborhood.PNG Graphic file (type png)

<use neighborhood.PNG>
Package pdftex.def Info: neighborhood.PNG used on input line 1108.
(pdftex.def)             Requested size: 103.50105pt x 59.62027pt.
 <example.PNG, id=1201, 94.10156pt x 48.93282pt>
File: example.PNG Graphic file (type png)

<use example.PNG>
Package pdftex.def Info: example.PNG used on input line 1114.
(pdftex.def)             Requested size: 103.50105pt x 53.82474pt.
 <example_idlist.PNG, id=1202, 31.61812pt x 51.19125pt>
File: example_idlist.PNG Graphic file (type png)

<use example_idlist.PNG>
Package pdftex.def Info: example_idlist.PNG used on input line 1120.
(pdftex.def)             Requested size: 34.5021pt x 55.86139pt.
 <example_adj.PNG, id=1203, 105.39375pt x 47.42719pt>
File: example_adj.PNG Graphic file (type png)

<use example_adj.PNG>
Package pdftex.def Info: example_adj.PNG used on input line 1126.
(pdftex.def)             Requested size: 113.85063pt x 51.23361pt.

Underfull \hbox (badness 10000) in paragraph at lines 1142--1143

 []

[46 <./neighborhood.PNG> <./example.PNG> <./example_idlist.PNG> <./example_adj.
PNG>] <remove1.png, id=1215, 30.1125pt x 30.1125pt>
File: remove1.png Graphic file (type png)
 <use remove1.png>
Package pdftex.def Info: remove1.png used on input line 1147.
(pdftex.def)             Requested size: 110.40253pt x 110.41324pt.

<remove2.png, id=1216, 30.1125pt x 30.1125pt>
File: remove2.png Graphic file (type png)
 <use remove2.png>
Package pdftex.def Info: remove2.png used on input line 1152.
(pdftex.def)             Requested size: 110.40253pt x 110.41324pt.

<remove3.png, id=1217, 30.1125pt x 30.1125pt>
File: remove3.png Graphic file (type png)
 <use remove3.png>
Package pdftex.def Info: remove3.png used on input line 1157.
(pdftex.def)             Requested size: 110.40253pt x 110.41324pt.

Underfull \hbox (badness 10000) in paragraph at lines 1166--1171

 []

[47 <./remove1.png> <./remove2.png> <./remove3.png>]
<critical1.png, id=1228, 30.1125pt x 30.1125pt>
File: critical1.png Graphic file (type png)
 <use critical1.png>
Package pdftex.def Info: critical1.png used on input line 1175.
(pdftex.def)             Requested size: 110.40253pt x 110.41324pt.

<critical2.png, id=1229, 30.1125pt x 30.1125pt>
File: critical2.png Graphic file (type png)
 <use critical2.png>
Package pdftex.def Info: critical2.png used on input line 1180.
(pdftex.def)             Requested size: 110.40253pt x 110.41324pt.

<critical3.png, id=1230, 30.1125pt x 30.1125pt>
File: critical3.png Graphic file (type png)
 <use critical3.png>
Package pdftex.def Info: critical3.png used on input line 1185.
(pdftex.def)             Requested size: 110.40253pt x 110.41324pt.

Underfull \hbox (badness 10000) in paragraph at lines 1194--1205

 []

[48 <./critical1.png> <./critical2.png> <./critical3.png (PNG copy)>]
Underfull \hbox (badness 10000) in paragraph at lines 1206--1208

 []

<ghostbusters1.png, id=1247, 302.5704pt x 273.6624pt>
File: ghostbusters1.png Graphic file (type png)
 <use ghostbusters1.png>
Package pdftex.def Info: ghostbusters1.png used on input line 1219.
(pdftex.def)             Requested size: 117.29874pt x 106.09319pt.

<ghostbusters2.png, id=1248, 302.5704pt x 273.6624pt>
File: ghostbusters2.png Graphic file (type png)
 <use ghostbusters2.png>
Package pdftex.def Info: ghostbusters2.png used on input line 1225.
(pdftex.def)             Requested size: 117.29874pt x 106.09319pt.

[49 <./ghostbusters1.png (PNG copy)> <./ghostbusters2.png (PNG copy)>]
<preprocessed.png, id=1254, 300.1614pt x 271.2534pt>
File: preprocessed.png Graphic file (type png)
 <use preprocessed.png>
Package pdftex.def Info: preprocessed.png used on input line 1238.
(pdftex.def)             Requested size: 110.40253pt x 99.77031pt.

<processed.png, id=1255, 302.5704pt x 273.6624pt>
File: processed.png Graphic file (type png)
 <use processed.png>
Package pdftex.def Info: processed.png used on input line 1244.
(pdftex.def)             Requested size: 110.40253pt x 99.85461pt.

Underfull \hbox (badness 10000) in paragraph at lines 1253--1262

 []

[50 <./preprocessed.png> <./processed.png>]
<dna_with_loop.png, id=1265, 443.6575pt x 431.6125pt>
File: dna_with_loop.png Graphic file (type png)
 <use dna_with_loop.png>
Package pdftex.def Info: dna_with_loop.png used on input line 1280.
(pdftex.def)             Requested size: 68.99895pt x 67.12315pt.

Underfull \hbox (badness 10000) in paragraph at lines 1277--1285

 []

[51 <./dna_with_loop.png>]
<small_DNA_obj.png, id=1277, 431.6125pt x 302.12875pt>
File: small_DNA_obj.png Graphic file (type png)
 <use small_DNA_obj.png>
Package pdftex.def Info: small_DNA_obj.png used on input line 1291.
(pdftex.def)             Requested size: 86.25pt x 60.37396pt.

<small_DNA_obj_adj_matrix.png, id=1278, 603.25375pt x 420.57124pt>
File: small_DNA_obj_adj_matrix.png Graphic file (type png)

<use small_DNA_obj_adj_matrix.png>
Package pdftex.def Info: small_DNA_obj_adj_matrix.png used on input line 1296.
(pdftex.def)             Requested size: 86.25pt x 60.13095pt.

Underfull \hbox (badness 10000) in paragraph at lines 1297--1297
[]\OT1/cmr/bx/n/9 (b) |\OT1/cmr/m/n/9 Cor-re-spond-ing
 []


Underfull \hbox (badness 10000) in paragraph at lines 1297--1297
\OT1/cmr/m/n/9 up-per tri-an-gu-lar
 []

<small_DNA_obj_graph.png, id=1279, 207.77625pt x 229.85875pt>
File: small_DNA_obj_graph.png Graphic file (type png)

<use small_DNA_obj_graph.png>
Package pdftex.def Info: small_DNA_obj_graph.png used on input line 1301.
(pdftex.def)             Requested size: 86.25pt x 95.41765pt.

<small_DNA_graph_bfs1.png, id=1282, 206.7725pt x 229.85875pt>
File: small_DNA_graph_bfs1.png Graphic file (type png)

<use small_DNA_graph_bfs1.png>
Package pdftex.def Info: small_DNA_graph_bfs1.png used on input line 1314.
(pdftex.def)             Requested size: 75.90042pt x 84.37648pt.

<small_DNA_obj_bfs1.png, id=1283, 431.6125pt x 300.12125pt>
File: small_DNA_obj_bfs1.png Graphic file (type png)

<use small_DNA_obj_bfs1.png>
Package pdftex.def Info: small_DNA_obj_bfs1.png used on input line 1318.
(pdftex.def)             Requested size: 75.90042pt x 52.77386pt.

<small_DNA_graph_bfs2.png, id=1284, 206.7725pt x 229.85875pt>
File: small_DNA_graph_bfs2.png Graphic file (type png)

<use small_DNA_graph_bfs2.png>
Package pdftex.def Info: small_DNA_graph_bfs2.png used on input line 1323.
(pdftex.def)             Requested size: 75.90042pt x 84.37648pt.

<small_DNA_obj_bfs2.png, id=1285, 427.5975pt x 300.12125pt>
File: small_DNA_obj_bfs2.png Graphic file (type png)

<use small_DNA_obj_bfs2.png>
Package pdftex.def Info: small_DNA_obj_bfs2.png used on input line 1327.
(pdftex.def)             Requested size: 75.90042pt x 53.27303pt.

<small_DNA_graph_ssp.png, id=1286, 206.7725pt x 229.85875pt>
File: small_DNA_graph_ssp.png Graphic file (type png)

<use small_DNA_graph_ssp.png>
Package pdftex.def Info: small_DNA_graph_ssp.png used on input line 1332.
(pdftex.def)             Requested size: 75.90042pt x 84.37648pt.

<small_DNA_obj_ssp.png, id=1287, 428.60126pt x 300.12125pt>
File: small_DNA_obj_ssp.png Graphic file (type png)

<use small_DNA_obj_ssp.png>
Package pdftex.def Info: small_DNA_obj_ssp.png used on input line 1336.
(pdftex.def)             Requested size: 75.90042pt x 53.1448pt.

<small_DNA_real_bfs.png, id=1288, 602.25pt x 603.25375pt>
File: small_DNA_real_bfs.png Graphic file (type png)

<use small_DNA_real_bfs.png>
Package pdftex.def Info: small_DNA_real_bfs.png used on input line 1341.
(pdftex.def)             Requested size: 75.90042pt x 76.02325pt.

<small_DNA_real_ssp.png, id=1289, 426.59375pt x 390.45876pt>
File: small_DNA_real_ssp.png Graphic file (type png)

<use small_DNA_real_ssp.png>
Package pdftex.def Info: small_DNA_real_ssp.png used on input line 1345.
(pdftex.def)             Requested size: 75.90042pt x 69.46925pt.
 [52 <./small_DNA_obj.png> <./small_DNA_obj_adj_matrix.png> <./small_DNA_obj_gr
aph.png (PNG copy)>] [53 <./small_DNA_graph_bfs1.png (PNG copy)> <./small_DNA_o
bj_bfs1.png> <./small_DNA_graph_bfs2.png (PNG copy)> <./small_DNA_obj_bfs2.png>
 <./small_DNA_graph_ssp.png (PNG copy)> <./small_DNA_obj_ssp.png> <./small_DNA_
real_bfs.png> <./small_DNA_real_ssp.png>]
<thin_DNA_1.png, id=1308, 516.93124pt x 360.34625pt>
File: thin_DNA_1.png Graphic file (type png)
 <use thin_DNA_1.png>
Package pdftex.def Info: thin_DNA_1.png used on input line 1368.
(pdftex.def)             Requested size: 86.25pt x 60.11987pt.

<thick_DNA_1.png, id=1309, 516.93124pt x 360.34625pt>
File: thick_DNA_1.png Graphic file (type png)
 <use thick_DNA_1.png>
Package pdftex.def Info: thick_DNA_1.png used on input line 1372.
(pdftex.def)             Requested size: 86.25pt x 60.11987pt.

<thin_DNA_2.png, id=1310, 518.93875pt x 360.34625pt>
File: thin_DNA_2.png Graphic file (type png)
 <use thin_DNA_2.png>
Package pdftex.def Info: thin_DNA_2.png used on input line 1377.
(pdftex.def)             Requested size: 86.25pt x 59.88893pt.

<thick_DNA_2.png, id=1311, 516.93124pt x 361.35pt>
File: thick_DNA_2.png Graphic file (type png)
 <use thick_DNA_2.png>
Package pdftex.def Info: thick_DNA_2.png used on input line 1381.
(pdftex.def)             Requested size: 86.25pt x 60.28734pt.

<thin_DNA_4.png, id=1312, 518.93875pt x 361.35pt>
File: thin_DNA_4.png Graphic file (type png)
 <use thin_DNA_4.png>
Package pdftex.def Info: thin_DNA_4.png used on input line 1386.
(pdftex.def)             Requested size: 86.25pt x 60.05576pt.

<thick_DNA_4.png, id=1313, 518.93875pt x 360.34625pt>
File: thick_DNA_4.png Graphic file (type png)
 <use thick_DNA_4.png>
Package pdftex.def Info: thick_DNA_4.png used on input line 1390.
(pdftex.def)             Requested size: 86.25pt x 59.88893pt.

<thick_thin_before_recovery.png, id=1314, 554.07pt x 505.89pt>
File: thick_thin_before_recovery.png Graphic file (type png)

<use thick_thin_before_recovery.png>
Package pdftex.def Info: thick_thin_before_recovery.png used on input line 1395
.
(pdftex.def)             Requested size: 68.99895pt x 62.9968pt.

<thin_after_recovery.png, id=1315, 554.07pt x 504.88625pt>
File: thin_after_recovery.png Graphic file (type png)

<use thin_after_recovery.png>
Package pdftex.def Info: thin_after_recovery.png used on input line 1399.
(pdftex.def)             Requested size: 68.99895pt x 62.8718pt.

<length_calc_two_arms.png, id=1321, 635.37375pt x 250.9375pt>
File: length_calc_two_arms.png Graphic file (type png)

<use length_calc_two_arms.png>
Package pdftex.def Info: length_calc_two_arms.png used on input line 1417.
(pdftex.def)             Requested size: 172.5pt x 68.12926pt.
 [54] [55 <./thin_DNA_1.png> <./thick_DNA_1.png> <./thin_DNA_2.png> <./thick_DN
A_2.png> <./thin_DNA_4.png> <./thick_DNA_4.png> <./thick_thin_before_recovery.p
ng> <./thin_after_recovery.png> <./length_calc_two_arms.png>] <angle_endstrand.
png, id=1336, 200.24812pt x 200.24812pt>
File: angle_endstrand.png Graphic file (type png)

<use angle_endstrand.png>
Package pdftex.def Info: angle_endstrand.png used on input line 1428.
(pdftex.def)             Requested size: 169.0519pt x 169.06282pt.
 <angle_two.png, id=1337, 205.5178pt x 205.5178pt>
File: angle_two.png Graphic file (type png)

<use angle_two.png>
Package pdftex.def Info: angle_two.png used on input line 1429.
(pdftex.def)             Requested size: 169.0519pt x 169.05252pt.
 [56 <./angle_endstrand.png (PNG copy)> <./angle_two.png (PNG copy)>] (./angle_
1.pdf_tex
<angle_1.pdf, id=1345, page=1, 170.88844pt x 186.6975pt>
File: angle_1.pdf Graphic file (type pdf)

<use angle_1.pdf, page 1>
Package pdftex.def Info: angle_1.pdf, page1 used on input line 52.
(pdftex.def)             Requested size: 172.5pt x 188.47182pt.
) [57 <./angle_1.pdf>] (./angle_2.pdf_tex
<angle_2.pdf, id=1369, page=1, 170.88844pt x 186.6975pt>
File: angle_2.pdf Graphic file (type pdf)

<use angle_2.pdf, page 1>
Package pdftex.def Info: angle_2.pdf, page1 used on input line 52.
(pdftex.def)             Requested size: 172.5pt x 188.47182pt.
) [58 <./angle_2.pdf>] [59] (./report.bbl
Underfull \hbox (badness 10000) in paragraph at lines 34--38
[]\OT1/cmr/m/n/10 Bruker cor-po-ra-tion: Bio dy-nam-ics with atomic force
 []


Underfull \hbox (badness 10000) in paragraph at lines 34--38
\OT1/cmr/m/n/10 mi-cro-scopes.  []$\OT1/cmtt/m/n/10 https : / / www . bruker . 
com / products /
 []


Underfull \hbox (badness 10000) in paragraph at lines 34--38
\OT1/cmtt/m/n/10 surface-[]and-[]dimensional-[]analysis / atomic-[]force-[]micr
oscopes /
 []


Underfull \hbox (badness 10000) in paragraph at lines 34--38
\OT1/cmtt/m/n/10 campaigns / bioafms-[]and-[]biological-[]applications /
 []


Underfull \hbox (badness 10000) in paragraph at lines 40--45
[]\OT1/cmr/m/n/10 J Bat-tachar-jee.  Atomic force mi-cro-scope: Fun-da-men-
 []


Underfull \hbox (badness 10000) in paragraph at lines 40--45
\OT1/cmr/m/n/10 tal prin-ci-ples.  []$\OT1/cmtt/m/n/10 http : / / de . slidesha
re . net / joybiitk /
 []


Underfull \hbox (badness 10000) in paragraph at lines 40--45
\OT1/cmtt/m/n/10 atomic-[]force-[]microscope-[]fundamental-[]principles$[]\OT1/
cmr/m/n/10 .  Ac-cessed:
 []

[60]
Underfull \hbox (badness 1383) in paragraph at lines 149--154
[]\OT1/cmr/m/n/10 N Kour-mouli, P Jeppe-sen, S Ma-hade-vha-iah, P Bur-goyne, R 
Wu,
 []

[61] [62] [63]
Underfull \hbox (badness 10000) in paragraph at lines 371--376
[]\OT1/cmr/m/n/10 J Linbo.  Im-ple-men-ta-tion of zhang-suen thin-ning al-go-
 []


Underfull \hbox (badness 10000) in paragraph at lines 371--376
\OT1/cmr/m/n/10 rithm for skele-toniza-tion.  []$\OT1/cmtt/m/n/10 https : / / g
ithub . com / linbojin /
 []


Underfull \hbox (badness 5622) in paragraph at lines 378--384
[]\OT1/cmr/m/n/10 AR Widiarti.  Com-par-ing hilditch, rosen-feld, zhang-suen, a
nd
 []

[64]) [65]
Package atveryend Info: Empty hook `BeforeClearDocument' on input line 1489.
Package atveryend Info: Empty hook `AfterLastShipout' on input line 1489.
 (./report.aux)
Package atveryend Info: Executing hook `AtVeryEndDocument' on input line 1489.
Package atveryend Info: Executing hook `AtEndAfterFileList' on input line 1489.

Package rerunfilecheck Info: File `report.out' has not changed.
(rerunfilecheck)             Checksum: 6E0C998A73C6CA4FAFAB7D0BCC4C4A82;4202.


LaTeX Warning: There were multiply-defined labels.

Package atveryend Info: Empty hook `AtVeryVeryEnd' on input line 1489.
 ) 
Here is how much of TeX's memory you used:
 29195 strings out of 493054
 660869 string characters out of 6140585
 844343 words of memory out of 5000000
 31873 multiletter control sequences out of 15000+600000
 13404 words of font info for 48 fonts, out of 8000000 for 9000
 1141 hyphenation exceptions out of 8191
 62i,16n,77p,1754b,609s stack positions out of 5000i,500n,10000p,200000b,80000s
</usr/share/texmf-dist/fonts/type1/public/amsfonts/cm/cmbx10.pfb></usr/share/
texmf-dist/fonts/type1/public/amsfonts/cm/cmbx12.pfb></usr/share/texmf-dist/fon
ts/type1/public/amsfonts/cm/cmbx9.pfb></usr/share/texmf-dist/fonts/type1/public
/amsfonts/cm/cmcsc10.pfb></usr/share/texmf-dist/fonts/type1/public/amsfonts/cm/
cmex10.pfb></usr/share/texmf-dist/fonts/type1/public/amsfonts/cm/cmmi10.pfb></u
sr/share/texmf-dist/fonts/type1/public/amsfonts/cm/cmmi5.pfb></usr/share/texmf-
dist/fonts/type1/public/amsfonts/cm/cmmi6.pfb></usr/share/texmf-dist/fonts/type
1/public/amsfonts/cm/cmmi7.pfb></usr/share/texmf-dist/fonts/type1/public/amsfon
ts/cm/cmmi9.pfb></usr/share/texmf-dist/fonts/type1/public/amsfonts/cm/cmr10.pfb
></usr/share/texmf-dist/fonts/type1/public/amsfonts/cm/cmr12.pfb></usr/share/te
xmf-dist/fonts/type1/public/amsfonts/cm/cmr5.pfb></usr/share/texmf-dist/fonts/t
ype1/public/amsfonts/cm/cmr6.pfb></usr/share/texmf-dist/fonts/type1/public/amsf
onts/cm/cmr7.pfb></usr/share/texmf-dist/fonts/type1/public/amsfonts/cm/cmr8.pfb
></usr/share/texmf-dist/fonts/type1/public/amsfonts/cm/cmr9.pfb></usr/share/tex
mf-dist/fonts/type1/public/amsfonts/cm/cmsl10.pfb></usr/share/texmf-dist/fonts/
type1/public/amsfonts/cm/cmsy10.pfb></usr/share/texmf-dist/fonts/type1/public/a
msfonts/cm/cmsy5.pfb></usr/share/texmf-dist/fonts/type1/public/amsfonts/cm/cmsy
6.pfb></usr/share/texmf-dist/fonts/type1/public/amsfonts/cm/cmsy7.pfb></usr/sha
re/texmf-dist/fonts/type1/public/amsfonts/cm/cmti10.pfb></usr/share/texmf-dist/
fonts/type1/public/amsfonts/cm/cmtt10.pfb>
Output written on report.pdf (66 pages, 10471729 bytes).
PDF statistics:
 1567 PDF objects out of 1728 (max. 8388607)
 1188 compressed objects within 12 object streams
 256 named destinations out of 1000 (max. 500000)
 976 words of extra memory for PDF output out of 10000 (max. 10000000)

